331366269983 Average loss:  0.026877009795487294 , Accuracy:  1.0224948875255624 , total:  978 correct:  10
964406443220 Average loss:  0.004410896910875889 , Accuracy:  91.79030662710188 , total:  1011 correct:  928
252569887706 Average loss:  0.004458280825262587 , Accuracy:  91.42857142857143 , total:  1015 correct:  928
EPOCH: 0  AVG_ACCURACY:  0.6211717709720372 TIME:  22.58726716041565
253404507983 Average loss:  0.007342503300032023 , Accuracy:  90.07314524555903 , total:  957 correct:  862
283593485078 Average loss:  0.02134627962018376 , Accuracy:  2.7613412228796843 , total:  1014 correct:  28
252569887706 Average loss:  0.022225660643554086 , Accuracy:  0.0 , total:  1015 correct:  0
EPOCH: 1  AVG_ACCURACY:  0.29805760214333554 TIME:  22.37200140953064
252569887706 Average loss:  0.003816253798348563 , Accuracy:  91.42857142857143 , total:  1015 correct:  928
117907650880 Average loss:  0.021054045653637544 , Accuracy:  5.246913580246914 , total:  972 correct:  51
964406443220 Average loss:  0.004257430839255585 , Accuracy:  91.79030662710188 , total:  1011 correct:  928
EPOCH: 2  AVG_ACCURACY:  0.6360907271514343 TIME:  22.253347873687744
331366269983 Average loss:  0.006552755649835785 , Accuracy:  90.1840490797546 , total:  978 correct:  882
253404507983 Average loss:  0.014449355246006757 , Accuracy:  8.045977011494253 , total:  957 correct:  77
283593485078 Average loss:  0.019694105407895422 , Accuracy:  4.832347140039448 , total:  1014 correct:  49
EPOCH: 3  AVG_ACCURACY:  0.34181078331637843 TIME:  22.396409034729004
218428692940 Average loss:  0.019700021150121726 , Accuracy:  2.710843373493976 , total:  996 correct:  27
252569887706 Average loss:  0.00792545814232286 , Accuracy:  91.33004926108374 , total:  1015 correct:  927
124356982460 Average loss:  0.01495345745844785 , Accuracy:  2.710027100271003 , total:  1107 correct:  30
EPOCH: 4  AVG_ACCURACY:  0.31558691468890315 TIME:  22.309279441833496
253404507983 Average loss:  0.006006307238197128 , Accuracy:  84.84848484848484 , total:  957 correct:  812
283593485078 Average loss:  0.004149893625718367 , Accuracy:  87.57396449704142 , total:  1014 correct:  888
964406443220 Average loss:  0.004400253944415839 , Accuracy:  89.61424332344214 , total:  1011 correct:  906
EPOCH: 5  AVG_ACCURACY:  0.8739101274312542 TIME:  22.24797797203064
585170985568 Average loss:  0.012704220600426197 , Accuracy:  68.75 , total:  896 correct:  616
260674478604 Average loss:  0.005732012909250554 , Accuracy:  96.37023593466425 , total:  1102 correct:  1062
218428692940 Average loss:  0.013812517305933329 , Accuracy:  32.429718875502004 , total:  996 correct:  323
EPOCH: 6  AVG_ACCURACY:  0.6683366733466933 TIME:  22.56776261329651
252569887706 Average loss:  0.002963685402142003 , Accuracy:  90.73891625615764 , total:  1015 correct:  921
117907650880 Average loss:  0.0029945615755677716 , Accuracy:  91.76954732510288 , total:  972 correct:  892
283593485078 Average loss:  0.0020933655886019946 , Accuracy:  95.46351084812623 , total:  1014 correct:  968
EPOCH: 7  AVG_ACCURACY:  0.9266911029656781 TIME:  22.340783834457397
283593485078 Average loss:  0.004542058388862384 , Accuracy:  85.99605522682445 , total:  1014 correct:  872
964406443220 Average loss:  0.005172961602460973 , Accuracy:  82.09693372898121 , total:  1011 correct:  830
647209050738 Average loss:  0.004720836797130667 , Accuracy:  93.50180505415162 , total:  1108 correct:  1036
EPOCH: 8  AVG_ACCURACY:  0.8739227577401851 TIME:  22.4240620136261
252569887706 Average loss:  0.003405189660969626 , Accuracy:  89.16256157635468 , total:  1015 correct:  905
117907650880 Average loss:  0.0013176457872116026 , Accuracy:  96.91358024691358 , total:  972 correct:  942
647209050738 Average loss:  0.00467750919639849 , Accuracy:  89.07942238267148 , total:  1108 correct:  987
EPOCH: 9  AVG_ACCURACY:  0.9156704361873991 TIME:  22.29867720603943
260674478604 Average loss:  0.0020626910477065346 , Accuracy:  95.4627949183303 , total:  1102 correct:  1052
417865787848 Average loss:  0.005675372564558406 , Accuracy:  82.41985522233712 , total:  967 correct:  797
172027563180 Average loss:  0.0060849415272781525 , Accuracy:  90.72164948453609 , total:  970 correct:  880
EPOCH: 10  AVG_ACCURACY:  0.8979927607765712 TIME:  22.513840436935425
585170985568 Average loss:  0.007801319339445659 , Accuracy:  64.0625 , total:  896 correct:  574
253404507983 Average loss:  0.0029412166701090624 , Accuracy:  94.56635318704284 , total:  957 correct:  905
331366269983 Average loss:  0.003842490582378364 , Accuracy:  86.70756646216769 , total:  978 correct:  848
EPOCH: 11  AVG_ACCURACY:  0.8219710349699753 TIME:  22.448753118515015
260674478604 Average loss:  0.0007402913310242218 , Accuracy:  98.6388384754991 , total:  1102 correct:  1087
253404507983 Average loss:  0.0028301825904547234 , Accuracy:  92.05851619644723 , total:  957 correct:  881
585170985568 Average loss:  0.002973893690588219 , Accuracy:  90.73660714285714 , total:  896 correct:  813
EPOCH: 12  AVG_ACCURACY:  0.9411167512690355 TIME:  22.326407432556152
260674478604 Average loss:  0.0016819069976707118 , Accuracy:  93.64791288566244 , total:  1102 correct:  1032
331366269983 Average loss:  0.0007066491378017974 , Accuracy:  97.13701431492842 , total:  978 correct:  950
647209050738 Average loss:  0.001550393508552214 , Accuracy:  95.30685920577618 , total:  1108 correct:  1056
EPOCH: 13  AVG_ACCURACY:  0.9529485570890841 TIME:  22.129925966262817
964406443220 Average loss:  0.0013845362999908531 , Accuracy:  93.96636993076162 , total:  1011 correct:  950
252569887706 Average loss:  0.0019670983106631953 , Accuracy:  91.72413793103448 , total:  1015 correct:  931
124356982460 Average loss:  0.024648074750547058 , Accuracy:  2.9810298102981028 , total:  1107 correct:  33
EPOCH: 14  AVG_ACCURACY:  0.6109160548994574 TIME:  22.380863189697266
585170985568 Average loss:  0.0016557832714170218 , Accuracy:  97.20982142857143 , total:  896 correct:  871
964406443220 Average loss:  0.002800523542037232 , Accuracy:  89.21859545004945 , total:  1011 correct:  902
417865787848 Average loss:  0.004319072293643498 , Accuracy:  82.8335056876939 , total:  967 correct:  801
EPOCH: 15  AVG_ACCURACY:  0.8956158663883089 TIME:  22.389023780822754
172027563180 Average loss:  0.007955662860083826 , Accuracy:  82.68041237113403 , total:  970 correct:  802
331366269983 Average loss:  0.0016211999126982347 , Accuracy:  96.93251533742331 , total:  978 correct:  948
218428692940 Average loss:  0.009957688879296482 , Accuracy:  48.89558232931727 , total:  996 correct:  487
EPOCH: 16  AVG_ACCURACY:  0.7598505434782609 TIME:  22.47977328300476
647209050738 Average loss:  0.0010164959611714101 , Accuracy:  96.11913357400722 , total:  1108 correct:  1065
124356982460 Average loss:  0.0011576444260580862 , Accuracy:  95.39295392953929 , total:  1107 correct:  1056
585170985568 Average loss:  0.013171742936330182 , Accuracy:  49.21875 , total:  896 correct:  441
EPOCH: 17  AVG_ACCURACY:  0.8235294117647058 TIME:  22.4546639919281
172027563180 Average loss:  0.003420244111228235 , Accuracy:  92.37113402061856 , total:  970 correct:  896
124356982460 Average loss:  0.0016724519640234211 , Accuracy:  94.3992773261066 , total:  1107 correct:  1045
117907650880 Average loss:  0.0012140493426058027 , Accuracy:  96.19341563786008 , total:  972 correct:  935
EPOCH: 18  AVG_ACCURACY:  0.9432600852738603 TIME:  22.481319665908813
252569887706 Average loss:  0.0023419106241517468 , Accuracy:  90.44334975369458 , total:  1015 correct:  918
260674478604 Average loss:  0.0011481045121614383 , Accuracy:  95.91651542649728 , total:  1102 correct:  1057
331366269983 Average loss:  0.0007978690700540757 , Accuracy:  98.05725971370143 , total:  978 correct:  959
EPOCH: 19  AVG_ACCURACY:  0.9479806138933764 TIME:  22.42908763885498
124356982460 Average loss:  0.0017243950361051103 , Accuracy:  93.04426377597109 , total:  1107 correct:  1030
117907650880 Average loss:  0.0009691311284102531 , Accuracy:  97.01646090534979 , total:  972 correct:  943
964406443220 Average loss:  0.0015016886397356095 , Accuracy:  94.06528189910979 , total:  1011 correct:  951
EPOCH: 20  AVG_ACCURACY:  0.9462783171521035 TIME:  22.53882884979248
964406443220 Average loss:  0.0009638774646289507 , Accuracy:  96.3402571711177 , total:  1011 correct:  974
417865787848 Average loss:  0.0011982372437046133 , Accuracy:  96.38055842812823 , total:  967 correct:  932
283593485078 Average loss:  0.0007096406961451386 , Accuracy:  97.33727810650888 , total:  1014 correct:  987
EPOCH: 21  AVG_ACCURACY:  0.9669117647058824 TIME:  22.508044481277466
252569887706 Average loss:  0.0013020550088929425 , Accuracy:  93.69458128078817 , total:  1015 correct:  951
585170985568 Average loss:  0.0019586484247286406 , Accuracy:  94.64285714285714 , total:  896 correct:  848
283593485078 Average loss:  0.0007631008199157094 , Accuracy:  96.94280078895464 , total:  1014 correct:  983
EPOCH: 22  AVG_ACCURACY:  0.9511111111111111 TIME:  22.398214101791382
417865787848 Average loss:  0.0008227602263764241 , Accuracy:  95.96690796277146 , total:  967 correct:  928
117907650880 Average loss:  0.00047411655608579944 , Accuracy:  98.04526748971193 , total:  972 correct:  953
252569887706 Average loss:  0.0013338107780869958 , Accuracy:  94.48275862068965 , total:  1015 correct:  959
EPOCH: 23  AVG_ACCURACY:  0.9614082599864591 TIME:  22.50745129585266
647209050738 Average loss:  0.0016190156757508805 , Accuracy:  94.04332129963899 , total:  1108 correct:  1042
585170985568 Average loss:  0.0012040623862828528 , Accuracy:  97.20982142857143 , total:  896 correct:  871
417865787848 Average loss:  0.0012354320984222034 , Accuracy:  94.41571871768356 , total:  967 correct:  913
EPOCH: 24  AVG_ACCURACY:  0.9511948838774823 TIME:  22.479092836380005
585170985568 Average loss:  0.0036848447884299924 , Accuracy:  86.16071428571429 , total:  896 correct:  772
117907650880 Average loss:  0.0013968239503878135 , Accuracy:  93.93004115226337 , total:  972 correct:  913
253404507983 Average loss:  0.001440596843650224 , Accuracy:  95.71577847439916 , total:  957 correct:  916
EPOCH: 25  AVG_ACCURACY:  0.92070796460177 TIME:  22.524063110351562
252569887706 Average loss:  0.0010524259192015736 , Accuracy:  95.66502463054188 , total:  1015 correct:  971
331366269983 Average loss:  0.0008336524945704727 , Accuracy:  97.4437627811861 , total:  978 correct:  953
283593485078 Average loss:  0.0006821663054606383 , Accuracy:  97.33727810650888 , total:  1014 correct:  987
EPOCH: 26  AVG_ACCURACY:  0.9680744928500167 TIME:  22.397750854492188
585170985568 Average loss:  0.0036433309516204254 , Accuracy:  87.5 , total:  896 correct:  784
647209050738 Average loss:  0.001617102382792032 , Accuracy:  93.95306859205776 , total:  1108 correct:  1041
218428692940 Average loss:  0.0028504642497104815 , Accuracy:  92.36947791164658 , total:  996 correct:  920
EPOCH: 27  AVG_ACCURACY:  0.915 TIME:  22.580639839172363
964406443220 Average loss:  0.0009321845187248274 , Accuracy:  97.0326409495549 , total:  1011 correct:  981
252569887706 Average loss:  0.0011244613328590769 , Accuracy:  94.77832512315271 , total:  1015 correct:  962
218428692940 Average loss:  0.0033889932026824796 , Accuracy:  90.16064257028113 , total:  996 correct:  898
EPOCH: 28  AVG_ACCURACY:  0.9401058901389808 TIME:  22.402657508850098
253404507983 Average loss:  0.0015776931787982132 , Accuracy:  94.35736677115987 , total:  957 correct:  903
585170985568 Average loss:  0.0017125277247812068 , Accuracy:  92.52232142857143 , total:  896 correct:  829
964406443220 Average loss:  0.0017106710361090187 , Accuracy:  92.77942631058357 , total:  1011 correct:  938
EPOCH: 29  AVG_ACCURACY:  0.9322625698324022 TIME:  22.46732211112976
253404507983 Average loss:  0.0019140388337796012 , Accuracy:  93.41692789968653 , total:  957 correct:  894
585170985568 Average loss:  0.0013267385740099208 , Accuracy:  95.53571428571429 , total:  896 correct:  856
252569887706 Average loss:  0.0017210745018691265 , Accuracy:  91.92118226600985 , total:  1015 correct:  933
EPOCH: 30  AVG_ACCURACY:  0.9354951185495118 TIME:  22.641469955444336
218428692940 Average loss:  0.0035496801736364402 , Accuracy:  93.77510040160642 , total:  996 correct:  934
585170985568 Average loss:  0.004844856315425464 , Accuracy:  80.35714285714286 , total:  896 correct:  720
172027563180 Average loss:  0.006880077627516285 , Accuracy:  59.58762886597938 , total:  970 correct:  578
EPOCH: 31  AVG_ACCURACY:  0.779874213836478 TIME:  22.481884717941284
647209050738 Average loss:  0.000719444442957317 , Accuracy:  97.47292418772564 , total:  1108 correct:  1080
117907650880 Average loss:  0.0007118302332275689 , Accuracy:  97.53086419753086 , total:  972 correct:  948
124356982460 Average loss:  0.0007491024057931909 , Accuracy:  97.4706413730804 , total:  1107 correct:  1079
EPOCH: 32  AVG_ACCURACY:  0.9748980232193285 TIME:  22.512693166732788
253404507983 Average loss:  0.0014933346300663247 , Accuracy:  94.67084639498432 , total:  957 correct:  906
331366269983 Average loss:  0.0006882014412029145 , Accuracy:  97.6482617586912 , total:  978 correct:  955
964406443220 Average loss:  0.0014902401483377294 , Accuracy:  94.16419386745797 , total:  1011 correct:  952
EPOCH: 33  AVG_ACCURACY:  0.9548540393754243 TIME:  21.784247636795044
964406443220 Average loss:  0.0014313181713002372 , Accuracy:  94.55984174085064 , total:  1011 correct:  956
218428692940 Average loss:  0.005073432821825326 , Accuracy:  80.12048192771084 , total:  996 correct:  798
172027563180 Average loss:  0.004365518013226617 , Accuracy:  83.71134020618557 , total:  970 correct:  812
EPOCH: 34  AVG_ACCURACY:  0.8619415518978838 TIME:  21.568876266479492
117907650880 Average loss:  0.0005974221031790899 , Accuracy:  98.04526748971193 , total:  972 correct:  953
252569887706 Average loss:  0.0012174126403085117 , Accuracy:  95.27093596059113 , total:  1015 correct:  967
253404507983 Average loss:  0.00188756576090148 , Accuracy:  93.521421107628 , total:  957 correct:  895
EPOCH: 35  AVG_ACCURACY:  0.9561820652173914 TIME:  21.728633642196655
252569887706 Average loss:  0.0010363662551189292 , Accuracy:  95.86206896551724 , total:  1015 correct:  973
117907650880 Average loss:  0.0006756785597820832 , Accuracy:  97.94238683127573 , total:  972 correct:  952
585170985568 Average loss:  0.001655191948105182 , Accuracy:  95.20089285714286 , total:  896 correct:  853
EPOCH: 36  AVG_ACCURACY:  0.963579604578564 TIME:  21.719581127166748
260674478604 Average loss:  0.0006196621599220104 , Accuracy:  98.36660617059891 , total:  1102 correct:  1084
117907650880 Average loss:  0.0006046853767930235 , Accuracy:  97.8395061728395 , total:  972 correct:  951
253404507983 Average loss:  0.001473716270400439 , Accuracy:  94.67084639498432 , total:  957 correct:  906
EPOCH: 37  AVG_ACCURACY:  0.9703068294292313 TIME:  21.48657488822937
283593485078 Average loss:  0.00106353287013795 , Accuracy:  95.95660749506904 , total:  1014 correct:  973
417865787848 Average loss:  0.0005430896711586796 , Accuracy:  97.72492244053774 , total:  967 correct:  945
331366269983 Average loss:  0.0004136712873137436 , Accuracy:  98.3640081799591 , total:  978 correct:  962
EPOCH: 38  AVG_ACCURACY:  0.9733017911456573 TIME:  21.656577110290527
253404507983 Average loss:  0.0011222842018058681 , Accuracy:  96.44723092998954 , total:  957 correct:  923
172027563180 Average loss:  0.0028608968577434105 , Accuracy:  89.17525773195877 , total:  970 correct:  865
964406443220 Average loss:  0.001399407290386517 , Accuracy:  94.3620178041543 , total:  1011 correct:  954
EPOCH: 39  AVG_ACCURACY:  0.9332879509870661 TIME:  21.558407068252563
283593485078 Average loss:  0.0009149102350840202 , Accuracy:  96.64694280078895 , total:  1014 correct:  980
585170985568 Average loss:  0.0015349873324989208 , Accuracy:  93.97321428571429 , total:  896 correct:  842
172027563180 Average loss:  0.001989004476783202 , Accuracy:  93.50515463917526 , total:  970 correct:  907
EPOCH: 40  AVG_ACCURACY:  0.9475694444444445 TIME:  21.658124208450317
283593485078 Average loss:  0.0004560374664014143 , Accuracy:  98.22485207100591 , total:  1014 correct:  996
417865787848 Average loss:  0.0009018727062961554 , Accuracy:  95.96690796277146 , total:  967 correct:  928
964406443220 Average loss:  0.0006213514838997794 , Accuracy:  97.13155291790306 , total:  1011 correct:  982
EPOCH: 41  AVG_ACCURACY:  0.9712566844919787 TIME:  21.475104808807373
218428692940 Average loss:  0.0027304333017533085 , Accuracy:  92.6706827309237 , total:  996 correct:  923
117907650880 Average loss:  0.00031047047943704657 , Accuracy:  98.97119341563786 , total:  972 correct:  962
331366269983 Average loss:  0.00044090713703803 , Accuracy:  98.05725971370143 , total:  978 correct:  959
EPOCH: 42  AVG_ACCURACY:  0.9653767820773931 TIME:  21.797688484191895
260674478604 Average loss:  0.00046988965913031367 , Accuracy:  98.36660617059891 , total:  1102 correct:  1084
218428692940 Average loss:  0.002127486584057291 , Accuracy:  93.77510040160642 , total:  996 correct:  934
647209050738 Average loss:  0.0012587182970199774 , Accuracy:  95.21660649819495 , total:  1108 correct:  1055
EPOCH: 43  AVG_ACCURACY:  0.9585152838427947 TIME:  21.510769844055176
417865787848 Average loss:  0.00044018393738778943 , Accuracy:  98.55222337125129 , total:  967 correct:  953
283593485078 Average loss:  0.00138321105956561 , Accuracy:  94.7731755424063 , total:  1014 correct:  961
647209050738 Average loss:  0.0009300744275323751 , Accuracy:  96.29963898916968 , total:  1108 correct:  1067
EPOCH: 44  AVG_ACCURACY:  0.9650372288766591 TIME:  21.510857820510864
585170985568 Average loss:  0.001134091048567955 , Accuracy:  95.64732142857143 , total:  896 correct:  857
253404507983 Average loss:  0.0014934664983360746 , Accuracy:  94.46185997910136 , total:  957 correct:  904
417865787848 Average loss:  0.0006500922312965807 , Accuracy:  98.75904860392968 , total:  967 correct:  955
EPOCH: 45  AVG_ACCURACY:  0.9631205673758865 TIME:  21.799773931503296
172027563180 Average loss:  0.001835556359020705 , Accuracy:  94.12371134020619 , total:  970 correct:  913
253404507983 Average loss:  0.0013458863398996392 , Accuracy:  95.5067920585162 , total:  957 correct:  914
252569887706 Average loss:  0.001534884566156735 , Accuracy:  93.89162561576354 , total:  1015 correct:  953
EPOCH: 46  AVG_ACCURACY:  0.9449354180829368 TIME:  21.57620406150818
218428692940 Average loss:  0.0028096712736719585 , Accuracy:  91.76706827309236 , total:  996 correct:  914
331366269983 Average loss:  0.00043722328202368537 , Accuracy:  97.95501022494888 , total:  978 correct:  958
117907650880 Average loss:  0.0002921548453562054 , Accuracy:  98.86831275720165 , total:  972 correct:  961
EPOCH: 47  AVG_ACCURACY:  0.961642905634759 TIME:  21.784722089767456
585170985568 Average loss:  0.0016540287428402475 , Accuracy:  94.86607142857143 , total:  896 correct:  850
218428692940 Average loss:  0.010513313204409128 , Accuracy:  30.622489959839356 , total:  996 correct:  305
172027563180 Average loss:  0.0020787296989529403 , Accuracy:  93.81443298969072 , total:  970 correct:  910
EPOCH: 48  AVG_ACCURACY:  0.7215234102026555 TIME:  21.671598434448242
252569887706 Average loss:  0.0007619910566090363 , Accuracy:  96.7487684729064 , total:  1015 correct:  982
260674478604 Average loss:  0.0007435760803912815 , Accuracy:  98.09437386569873 , total:  1102 correct:  1081
283593485078 Average loss:  0.0005288495143959979 , Accuracy:  98.12623274161736 , total:  1014 correct:  995
EPOCH: 49  AVG_ACCURACY:  0.9766847652507186 TIME:  21.599559545516968
964406443220 Average loss:  0.0007827546609644838 , Accuracy:  96.24134520276954 , total:  1011 correct:  973
252569887706 Average loss:  0.000707784893330682 , Accuracy:  96.65024630541872 , total:  1015 correct:  981
172027563180 Average loss:  0.0018362781282552738 , Accuracy:  94.12371134020619 , total:  970 correct:  913
EPOCH: 50  AVG_ACCURACY:  0.9569425901201603 TIME:  21.67308282852173
117907650880 Average loss:  0.0003725150523423658 , Accuracy:  98.35390946502058 , total:  972 correct:  956
331366269983 Average loss:  0.00037114452123108695 , Accuracy:  98.56850715746421 , total:  978 correct:  964
124356982460 Average loss:  0.0012732591503573196 , Accuracy:  95.39295392953929 , total:  1107 correct:  1056
EPOCH: 51  AVG_ACCURACY:  0.9735034347399412 TIME:  21.743530988693237
647209050738 Average loss:  0.0006624577963718008 , Accuracy:  97.29241877256318 , total:  1108 correct:  1078
124356982460 Average loss:  0.0006840596145461461 , Accuracy:  97.4706413730804 , total:  1107 correct:  1079
218428692940 Average loss:  0.0029361201038801046 , Accuracy:  91.76706827309236 , total:  996 correct:  914
EPOCH: 52  AVG_ACCURACY:  0.9563998754282155 TIME:  21.470322132110596
252569887706 Average loss:  0.0013517038722343632 , Accuracy:  94.8768472906404 , total:  1015 correct:  963
417865787848 Average loss:  0.0005295843621783321 , Accuracy:  98.65563598759049 , total:  967 correct:  954
253404507983 Average loss:  0.0017984300664973484 , Accuracy:  93.93939393939394 , total:  957 correct:  899
EPOCH: 53  AVG_ACCURACY:  0.9581490302824089 TIME:  21.780452251434326
260674478604 Average loss:  0.0003455922610976627 , Accuracy:  98.72958257713249 , total:  1102 correct:  1088
253404507983 Average loss:  0.0011039636756683716 , Accuracy:  96.65621734587252 , total:  957 correct:  925
124356982460 Average loss:  0.0007093441491742982 , Accuracy:  97.289972899729 , total:  1107 correct:  1077
EPOCH: 54  AVG_ACCURACY:  0.9759949463044851 TIME:  21.63056969642639
124356982460 Average loss:  0.0004301018535067826 , Accuracy:  98.1029810298103 , total:  1107 correct:  1086
647209050738 Average loss:  0.0003599065661914512 , Accuracy:  98.46570397111914 , total:  1108 correct:  1091
260674478604 Average loss:  0.0002866766631887201 , Accuracy:  99.00181488203266 , total:  1102 correct:  1091
EPOCH: 55  AVG_ACCURACY:  0.9852276153150437 TIME:  21.53533363342285
260674478604 Average loss:  0.00034189642155154216 , Accuracy:  98.6388384754991 , total:  1102 correct:  1087
331366269983 Average loss:  0.00037145085398542003 , Accuracy:  98.67075664621677 , total:  978 correct:  965
117907650880 Average loss:  0.0005219143857497246 , Accuracy:  97.8395061728395 , total:  972 correct:  951
EPOCH: 56  AVG_ACCURACY:  0.9839449541284404 TIME:  21.672321319580078
252569887706 Average loss:  0.0007907359874600847 , Accuracy:  96.45320197044335 , total:  1015 correct:  979
283593485078 Average loss:  0.00045097290301287666 , Accuracy:  98.61932938856016 , total:  1014 correct:  1000
585170985568 Average loss:  0.0012793401505665056 , Accuracy:  95.64732142857143 , total:  896 correct:  857
EPOCH: 57  AVG_ACCURACY:  0.9695726495726495 TIME:  22.134698152542114
117907650880 Average loss:  0.0003741708327345397 , Accuracy:  98.97119341563786 , total:  972 correct:  962
218428692940 Average loss:  0.0027838529173628873 , Accuracy:  92.7710843373494 , total:  996 correct:  924
124356982460 Average loss:  0.000925346532569022 , Accuracy:  96.4769647696477 , total:  1107 correct:  1068
EPOCH: 58  AVG_ACCURACY:  0.9606504065040651 TIME:  21.747718811035156
124356982460 Average loss:  0.0007774322861578407 , Accuracy:  97.0189701897019 , total:  1107 correct:  1074
331366269983 Average loss:  0.0005097102606192932 , Accuracy:  98.05725971370143 , total:  978 correct:  959
283593485078 Average loss:  0.0007423486274022323 , Accuracy:  97.0414201183432 , total:  1014 correct:  984
EPOCH: 59  AVG_ACCURACY:  0.973539851565021 TIME:  21.584487438201904
117907650880 Average loss:  0.00037877553491374105 , Accuracy:  98.86831275720165 , total:  972 correct:  961
218428692940 Average loss:  0.0020484515581743784 , Accuracy:  94.37751004016064 , total:  996 correct:  940
253404507983 Average loss:  0.0015788496303583263 , Accuracy:  94.14838035527691 , total:  957 correct:  901
EPOCH: 60  AVG_ACCURACY:  0.9579487179487179 TIME:  21.571388006210327
417865787848 Average loss:  0.00037868798064162346 , Accuracy:  99.17269906928645 , total:  967 correct:  959
585170985568 Average loss:  0.0011106497508340649 , Accuracy:  96.31696428571429 , total:  896 correct:  863
218428692940 Average loss:  0.0016584781832604044 , Accuracy:  93.87550200803213 , total:  996 correct:  935
EPOCH: 61  AVG_ACCURACY:  0.9643231899265478 TIME:  21.606985807418823
124356982460 Average loss:  0.0010516815654792115 , Accuracy:  95.57362240289069 , total:  1107 correct:  1058
283593485078 Average loss:  0.0008661439440248045 , Accuracy:  96.5483234714004 , total:  1014 correct:  979
585170985568 Average loss:  0.000819569021197302 , Accuracy:  97.54464285714286 , total:  896 correct:  874
EPOCH: 62  AVG_ACCURACY:  0.9648657606894265 TIME:  21.693466186523438
218428692940 Average loss:  0.0019753639956554734 , Accuracy:  92.6706827309237 , total:  996 correct:  923
283593485078 Average loss:  0.0005048565663896957 , Accuracy:  98.22485207100591 , total:  1014 correct:  996
964406443220 Average loss:  0.0005380140809097229 , Accuracy:  98.12067260138477 , total:  1011 correct:  992
EPOCH: 63  AVG_ACCURACY:  0.9635882158225753 TIME:  21.656041145324707
260674478604 Average loss:  0.00039739797936377206 , Accuracy:  98.5480943738657 , total:  1102 correct:  1086
117907650880 Average loss:  0.0005241881389124893 , Accuracy:  97.94238683127573 , total:  972 correct:  952
253404507983 Average loss:  0.0014194095334040084 , Accuracy:  94.67084639498432 , total:  957 correct:  906
EPOCH: 64  AVG_ACCURACY:  0.9712966017815903 TIME:  21.42767071723938
331366269983 Average loss:  0.0004556431455998577 , Accuracy:  98.15950920245399 , total:  978 correct:  960
260674478604 Average loss:  0.00036600164514704323 , Accuracy:  98.72958257713249 , total:  1102 correct:  1088
253404507983 Average loss:  0.001107958938572225 , Accuracy:  96.1337513061651 , total:  957 correct:  920
EPOCH: 65  AVG_ACCURACY:  0.9772802107342773 TIME:  21.41085386276245
585170985568 Average loss:  0.0011123047775721975 , Accuracy:  95.98214285714286 , total:  896 correct:  860
172027563180 Average loss:  0.0029538757715028585 , Accuracy:  88.96907216494846 , total:  970 correct:  863
218428692940 Average loss:  0.003383534470475821 , Accuracy:  87.65060240963855 , total:  996 correct:  873
EPOCH: 66  AVG_ACCURACY:  0.907058001397624 TIME:  21.53527808189392
647209050738 Average loss:  0.0009487462549433381 , Accuracy:  95.66787003610108 , total:  1108 correct:  1060
585170985568 Average loss:  0.0008894136200459408 , Accuracy:  96.875 , total:  896 correct:  868
172027563180 Average loss:  0.0014933118500660375 , Accuracy:  94.84536082474227 , total:  970 correct:  920
EPOCH: 67  AVG_ACCURACY:  0.9576328177538669 TIME:  21.653151988983154
218428692940 Average loss:  0.0020230279779099077 , Accuracy:  94.57831325301204 , total:  996 correct:  942
647209050738 Average loss:  0.0007153041627163922 , Accuracy:  97.11191335740072 , total:  1108 correct:  1076
331366269983 Average loss:  0.00043129424063645015 , Accuracy:  98.05725971370143 , total:  978 correct:  959
EPOCH: 68  AVG_ACCURACY:  0.9659312134977287 TIME:  21.613636016845703
218428692940 Average loss:  0.0014070843881272886 , Accuracy:  94.97991967871486 , total:  996 correct:  946
417865787848 Average loss:  0.00033075017459698275 , Accuracy:  99.27611168562565 , total:  967 correct:  960
585170985568 Average loss:  0.0011596153490245342 , Accuracy:  96.42857142857143 , total:  896 correct:  864
EPOCH: 69  AVG_ACCURACY:  0.968870234347674 TIME:  21.864766359329224
331366269983 Average loss:  0.00042502403807786343 , Accuracy:  98.05725971370143 , total:  978 correct:  959
260674478604 Average loss:  0.0003168950906993581 , Accuracy:  98.6388384754991 , total:  1102 correct:  1087
253404507983 Average loss:  0.001315361871739291 , Accuracy:  94.8798328108673 , total:  957 correct:  908
EPOCH: 70  AVG_ACCURACY:  0.9726703984194929 TIME:  21.659080028533936
417865787848 Average loss:  0.00032273958116430776 , Accuracy:  98.86246122026887 , total:  967 correct:  956
964406443220 Average loss:  0.0012418696496536187 , Accuracy:  95.45004945598417 , total:  1011 correct:  965
260674478604 Average loss:  0.00033743967117907345 , Accuracy:  98.82032667876588 , total:  1102 correct:  1089
EPOCH: 71  AVG_ACCURACY:  0.9772727272727273 TIME:  21.467901468276978
964406443220 Average loss:  0.0005148878029955718 , Accuracy:  98.02176063303659 , total:  1011 correct:  991
647209050738 Average loss:  0.0011056769935125048 , Accuracy:  95.66787003610108 , total:  1108 correct:  1060
252569887706 Average loss:  0.0008270610509247615 , Accuracy:  96.1576354679803 , total:  1015 correct:  976
EPOCH: 72  AVG_ACCURACY:  0.9658583280153159 TIME:  21.560890197753906
331366269983 Average loss:  0.0004518128196367944 , Accuracy:  97.95501022494888 , total:  978 correct:  958
218428692940 Average loss:  0.0015782120237388764 , Accuracy:  94.67871485943775 , total:  996 correct:  943
417865787848 Average loss:  0.00027366605709617977 , Accuracy:  98.96587383660807 , total:  967 correct:  957
EPOCH: 73  AVG_ACCURACY:  0.9717783066984019 TIME:  21.45177936553955
585170985568 Average loss:  0.0008005916481904153 , Accuracy:  97.65625 , total:  896 correct:  875
172027563180 Average loss:  0.002182404282166786 , Accuracy:  92.16494845360825 , total:  970 correct:  894
417865787848 Average loss:  0.0004742735931351242 , Accuracy:  97.82833505687694 , total:  967 correct:  946
EPOCH: 74  AVG_ACCURACY:  0.9583480409459937 TIME:  21.50494122505188
647209050738 Average loss:  0.0008337121349271885 , Accuracy:  97.0216606498195 , total:  1108 correct:  1075
172027563180 Average loss:  0.001358147349554239 , Accuracy:  95.77319587628865 , total:  970 correct:  929
117907650880 Average loss:  0.00041144062791770866 , Accuracy:  98.25102880658436 , total:  972 correct:  955
EPOCH: 75  AVG_ACCURACY:  0.9701639344262295 TIME:  21.738195419311523
260674478604 Average loss:  0.00042172693334749736 , Accuracy:  98.5480943738657 , total:  1102 correct:  1086
964406443220 Average loss:  0.0012072074115571118 , Accuracy:  94.85657764589516 , total:  1011 correct:  959
172027563180 Average loss:  0.0014025113478149335 , Accuracy:  95.36082474226804 , total:  970 correct:  925
EPOCH: 76  AVG_ACCURACY:  0.9633473889069089 TIME:  21.518852472305298
218428692940 Average loss:  0.002370373297288236 , Accuracy:  93.07228915662651 , total:  996 correct:  927
283593485078 Average loss:  0.0006393109314158353 , Accuracy:  97.534516765286 , total:  1014 correct:  989
253404507983 Average loss:  0.001339785645685724 , Accuracy:  95.29780564263324 , total:  957 correct:  912
EPOCH: 77  AVG_ACCURACY:  0.9531513313110886 TIME:  21.621697902679443
253404507983 Average loss:  0.001032582742075437 , Accuracy:  96.34273772204807 , total:  957 correct:  922
283593485078 Average loss:  0.0006308460523626037 , Accuracy:  97.534516765286 , total:  1014 correct:  989
260674478604 Average loss:  0.000478449137289814 , Accuracy:  98.5480943738657 , total:  1102 correct:  1086
EPOCH: 78  AVG_ACCURACY:  0.9752684672958022 TIME:  21.583667993545532
283593485078 Average loss:  0.0005709264680919563 , Accuracy:  97.63313609467455 , total:  1014 correct:  990
260674478604 Average loss:  0.0004446933404314323 , Accuracy:  98.36660617059891 , total:  1102 correct:  1084
117907650880 Average loss:  0.0005110253660399237 , Accuracy:  98.04526748971193 , total:  972 correct:  953
EPOCH: 79  AVG_ACCURACY:  0.9802461139896373 TIME:  21.74174690246582
117907650880 Average loss:  0.00042738373211197893 , Accuracy:  98.76543209876543 , total:  972 correct:  960
253404507983 Average loss:  0.0011584627147191743 , Accuracy:  95.71577847439916 , total:  957 correct:  916
218428692940 Average loss:  0.0019144623514160096 , Accuracy:  94.57831325301204 , total:  996 correct:  942
EPOCH: 80  AVG_ACCURACY:  0.9634188034188034 TIME:  21.576603412628174
260674478604 Average loss:  0.0004333671057316223 , Accuracy:  98.4573502722323 , total:  1102 correct:  1085
172027563180 Average loss:  0.002293687782336756 , Accuracy:  91.95876288659794 , total:  970 correct:  892
964406443220 Average loss:  0.0008964824585131674 , Accuracy:  96.43916913946587 , total:  1011 correct:  975
EPOCH: 81  AVG_ACCURACY:  0.9575089198832306 TIME:  21.556061506271362
252569887706 Average loss:  0.0008938859322388183 , Accuracy:  96.45320197044335 , total:  1015 correct:  979
331366269983 Average loss:  0.0005766451377840617 , Accuracy:  98.15950920245399 , total:  978 correct:  960
585170985568 Average loss:  0.000990870105202443 , Accuracy:  96.42857142857143 , total:  896 correct:  864
EPOCH: 82  AVG_ACCURACY:  0.9702319141571478 TIME:  21.659726858139038
218428692940 Average loss:  0.0023363297543372496 , Accuracy:  93.1726907630522 , total:  996 correct:  928
117907650880 Average loss:  0.0003607505395885848 , Accuracy:  99.07407407407408 , total:  972 correct:  963
252569887706 Average loss:  0.0007370106325360942 , Accuracy:  97.53694581280789 , total:  1015 correct:  990
EPOCH: 83  AVG_ACCURACY:  0.9658062353335568 TIME:  21.607614755630493
331366269983 Average loss:  0.000460021948186654 , Accuracy:  97.95501022494888 , total:  978 correct:  958
124356982460 Average loss:  0.0009895962609992764 , Accuracy:  95.6639566395664 , total:  1107 correct:  1059
585170985568 Average loss:  0.0009424151420327169 , Accuracy:  97.20982142857143 , total:  896 correct:  871
EPOCH: 84  AVG_ACCURACY:  0.9688024152968803 TIME:  21.54770255088806
283593485078 Average loss:  0.0002980651728867662 , Accuracy:  98.91518737672584 , total:  1014 correct:  1003
252569887706 Average loss:  0.0006234913587276572 , Accuracy:  97.4384236453202 , total:  1015 correct:  989
964406443220 Average loss:  0.00042751315510421845 , Accuracy:  98.3184965380811 , total:  1011 correct:  994
EPOCH: 85  AVG_ACCURACY:  0.9822368421052632 TIME:  21.58306646347046
117907650880 Average loss:  0.00046783616122456247 , Accuracy:  98.35390946502058 , total:  972 correct:  956
253404507983 Average loss:  0.0012587928753287814 , Accuracy:  95.71577847439916 , total:  957 correct:  916
124356982460 Average loss:  0.0008159411520896566 , Accuracy:  96.8383017163505 , total:  1107 correct:  1072
EPOCH: 86  AVG_ACCURACY:  0.9696969696969697 TIME:  21.670024394989014
172027563180 Average loss:  0.0016647200455370637 , Accuracy:  94.63917525773196 , total:  970 correct:  918
252569887706 Average loss:  0.0009033220375112712 , Accuracy:  96.1576354679803 , total:  1015 correct:  976
124356982460 Average loss:  0.0007141283120162442 , Accuracy:  96.9286359530262 , total:  1107 correct:  1073
EPOCH: 87  AVG_ACCURACY:  0.9595730918499353 TIME:  21.611764192581177
218428692940 Average loss:  0.0029961445544618203 , Accuracy:  89.5582329317269 , total:  996 correct:  892
331366269983 Average loss:  0.0003866080579429804 , Accuracy:  98.26175869120654 , total:  978 correct:  961
172027563180 Average loss:  0.002211347514206601 , Accuracy:  91.34020618556701 , total:  970 correct:  886
EPOCH: 88  AVG_ACCURACY:  0.9303668478260869 TIME:  21.819979906082153
260674478604 Average loss:  0.00037308537592256136 , Accuracy:  98.72958257713249 , total:  1102 correct:  1088
964406443220 Average loss:  0.000936225377222197 , Accuracy:  96.53808110781405 , total:  1011 correct:  976
647209050738 Average loss:  0.0006121957829282603 , Accuracy:  97.56317689530685 , total:  1108 correct:  1081
EPOCH: 89  AVG_ACCURACY:  0.9764048432163924 TIME:  21.69870090484619
172027563180 Average loss:  0.001505964272415515 , Accuracy:  94.84536082474227 , total:  970 correct:  920
260674478604 Average loss:  0.00038219764304707357 , Accuracy:  98.6388384754991 , total:  1102 correct:  1087
283593485078 Average loss:  0.0007517846848602596 , Accuracy:  97.14003944773175 , total:  1014 correct:  985
EPOCH: 90  AVG_ACCURACY:  0.9695398574206092 TIME:  21.684586763381958
283593485078 Average loss:  0.0006213900789295193 , Accuracy:  97.534516765286 , total:  1014 correct:  989
253404507983 Average loss:  0.0011394632943247055 , Accuracy:  96.23824451410658 , total:  957 correct:  921
260674478604 Average loss:  0.0003546644720551431 , Accuracy:  98.72958257713249 , total:  1102 correct:  1088
EPOCH: 91  AVG_ACCURACY:  0.9755938821998047 TIME:  21.593193531036377
331366269983 Average loss:  0.0004907349707341633 , Accuracy:  98.46625766871166 , total:  978 correct:  963
964406443220 Average loss:  0.0006993809230367696 , Accuracy:  97.42828882294758 , total:  1011 correct:  985
124356982460 Average loss:  0.0006736783628783575 , Accuracy:  97.10930442637759 , total:  1107 correct:  1075
EPOCH: 92  AVG_ACCURACY:  0.976421188630491 TIME:  21.561888217926025
964406443220 Average loss:  0.0006762298559134368 , Accuracy:  97.72502472799209 , total:  1011 correct:  988
331366269983 Average loss:  0.00035348829121951676 , Accuracy:  98.56850715746421 , total:  978 correct:  964
417865787848 Average loss:  0.00040227976254926225 , Accuracy:  98.4488107549121 , total:  967 correct:  952
EPOCH: 93  AVG_ACCURACY:  0.9824086603518268 TIME:  21.484983205795288
172027563180 Average loss:  0.001549109340328531 , Accuracy:  94.5360824742268 , total:  970 correct:  917
253404507983 Average loss:  0.0012208999853771932 , Accuracy:  95.61128526645768 , total:  957 correct:  915
252569887706 Average loss:  0.0009175585848944528 , Accuracy:  96.55172413793103 , total:  1015 correct:  980
EPOCH: 94  AVG_ACCURACY:  0.95581237253569 TIME:  21.634190559387207
331366269983 Average loss:  0.0003681031726148353 , Accuracy:  98.46625766871166 , total:  978 correct:  963
964406443220 Average loss:  0.000886308880473103 , Accuracy:  96.24134520276954 , total:  1011 correct:  973
172027563180 Average loss:  0.0011198217567709304 , Accuracy:  95.77319587628865 , total:  970 correct:  929
EPOCH: 95  AVG_ACCURACY:  0.9682325109834403 TIME:  21.498815298080444
417865787848 Average loss:  0.0006074934327183244 , Accuracy:  97.51809720785936 , total:  967 correct:  943
585170985568 Average loss:  0.0008833932016776609 , Accuracy:  97.20982142857143 , total:  896 correct:  871
172027563180 Average loss:  0.0011550701847395945 , Accuracy:  95.97938144329896 , total:  970 correct:  931
EPOCH: 96  AVG_ACCURACY:  0.968937522061419 TIME:  21.594197511672974
253404507983 Average loss:  0.001341961620058261 , Accuracy:  94.67084639498432 , total:  957 correct:  906
218428692940 Average loss:  0.002467240988609781 , Accuracy:  92.46987951807229 , total:  996 correct:  921
117907650880 Average loss:  0.000403861302514503 , Accuracy:  98.86831275720165 , total:  972 correct:  961
EPOCH: 97  AVG_ACCURACY:  0.9531623931623932 TIME:  21.72831630706787
417865787848 Average loss:  0.0004447701520978973 , Accuracy:  98.55222337125129 , total:  967 correct:  953
585170985568 Average loss:  0.0007590007028608982 , Accuracy:  97.65625 , total:  896 correct:  875
172027563180 Average loss:  0.0015960703805549857 , Accuracy:  94.02061855670104 , total:  970 correct:  912
EPOCH: 98  AVG_ACCURACY:  0.9671726085421815 TIME:  21.63877820968628
260674478604 Average loss:  0.0004412940324718528 , Accuracy:  98.72958257713249 , total:  1102 correct:  1088
253404507983 Average loss:  0.0010508402302285098 , Accuracy:  96.02925809822362 , total:  957 correct:  919
172027563180 Average loss:  0.0011033374470533785 , Accuracy:  96.08247422680412 , total:  970 correct:  932
EPOCH: 99  AVG_ACCURACY:  0.9702872235061076 TIME:  21.594522714614868
172027563180 Average loss:  0.001662185788154602 , Accuracy:  93.71134020618557 , total:  970 correct:  909
253404507983 Average loss:  0.0009984694763846781 , Accuracy:  95.82027168234065 , total:  957 correct:  917
218428692940 Average loss:  0.0033613408066661484 , Accuracy:  85.8433734939759 , total:  996 correct:  855
EPOCH: 100  AVG_ACCURACY:  0.9172083475880944 TIME:  21.649330139160156
964406443220 Average loss:  0.0008949903821025474 , Accuracy:  96.43916913946587 , total:  1011 correct:  975
253404507983 Average loss:  0.000799225974154572 , Accuracy:  96.65621734587252 , total:  957 correct:  925
124356982460 Average loss:  0.0009880184642667694 , Accuracy:  96.4769647696477 , total:  1107 correct:  1068
EPOCH: 101  AVG_ACCURACY:  0.9652032520325203 TIME:  21.58645725250244
647209050738 Average loss:  0.0006964138409775087 , Accuracy:  97.20216606498195 , total:  1108 correct:  1077
260674478604 Average loss:  0.0003053883712623816 , Accuracy:  98.91107078039927 , total:  1102 correct:  1090
253404507983 Average loss:  0.0006893835825575058 , Accuracy:  97.28317659352142 , total:  957 correct:  931
EPOCH: 102  AVG_ACCURACY:  0.9782128197031892 TIME:  21.56078839302063
331366269983 Average loss:  0.0002912047770491407 , Accuracy:  98.77300613496932 , total:  978 correct:  966
117907650880 Average loss:  0.00042943565420223853 , Accuracy:  98.45679012345678 , total:  972 correct:  957
124356982460 Average loss:  0.0006094248704578603 , Accuracy:  97.4706413730804 , total:  1107 correct:  1079
EPOCH: 103  AVG_ACCURACY:  0.9820085050703304 TIME:  21.54621148109436
124356982460 Average loss:  0.0005837126383465372 , Accuracy:  97.4706413730804 , total:  1107 correct:  1079
172027563180 Average loss:  0.0013962912805301627 , Accuracy:  95.4639175257732 , total:  970 correct:  926
417865787848 Average loss:  0.0005045013970309231 , Accuracy:  97.51809720785936 , total:  967 correct:  943
EPOCH: 104  AVG_ACCURACY:  0.9684625492772667 TIME:  21.514260053634644
117907650880 Average loss:  0.0003364466230381173 , Accuracy:  99.07407407407408 , total:  972 correct:  963
172027563180 Average loss:  0.0010612379106664167 , Accuracy:  96.5979381443299 , total:  970 correct:  937
252569887706 Average loss:  0.0009880568226569978 , Accuracy:  95.96059113300493 , total:  1015 correct:  974
EPOCH: 105  AVG_ACCURACY:  0.9719310111599594 TIME:  21.728574752807617
647209050738 Average loss:  0.0007952726126685469 , Accuracy:  96.38989169675091 , total:  1108 correct:  1068
283593485078 Average loss:  0.0004044424694700119 , Accuracy:  98.61932938856016 , total:  1014 correct:  1000
252569887706 Average loss:  0.0005681780355023633 , Accuracy:  97.73399014778325 , total:  1015 correct:  992
EPOCH: 106  AVG_ACCURACY:  0.9754542556582723 TIME:  21.65260148048401
253404507983 Average loss:  0.0012511739871282686 , Accuracy:  96.02925809822362 , total:  957 correct:  919
283593485078 Average loss:  0.00047512762285254644 , Accuracy:  98.22485207100591 , total:  1014 correct:  996
647209050738 Average loss:  0.0006316400600415705 , Accuracy:  97.56317689530685 , total:  1108 correct:  1081
EPOCH: 107  AVG_ACCURACY:  0.9730431958428061 TIME:  21.645485162734985
417865787848 Average loss:  0.0003972192060861124 , Accuracy:  98.75904860392968 , total:  967 correct:  955
124356982460 Average loss:  0.000619667493877049 , Accuracy:  97.5609756097561 , total:  1107 correct:  1080
218428692940 Average loss:  0.002271810015401687 , Accuracy:  93.77510040160642 , total:  996 correct:  934
EPOCH: 108  AVG_ACCURACY:  0.967100977198697 TIME:  21.749083995819092
331366269983 Average loss:  0.0003608538538735581 , Accuracy:  98.56850715746421 , total:  978 correct:  964
647209050738 Average loss:  0.00044993596279233804 , Accuracy:  98.014440433213 , total:  1108 correct:  1086
260674478604 Average loss:  0.0003043170004217681 , Accuracy:  98.91107078039927 , total:  1102 correct:  1090
EPOCH: 109  AVG_ACCURACY:  0.9849435382685069 TIME:  21.563851356506348
283593485078 Average loss:  0.0007312073495378626 , Accuracy:  97.63313609467455 , total:  1014 correct:  990
331366269983 Average loss:  0.0003624065514417758 , Accuracy:  98.67075664621677 , total:  978 correct:  965
253404507983 Average loss:  0.0011366715181770743 , Accuracy:  96.23824451410658 , total:  957 correct:  921
EPOCH: 110  AVG_ACCURACY:  0.9752458460495083 TIME:  21.51941990852356
252569887706 Average loss:  0.0009755128856950206 , Accuracy:  95.86206896551724 , total:  1015 correct:  973
647209050738 Average loss:  0.0005644240218218053 , Accuracy:  97.65342960288808 , total:  1108 correct:  1082
172027563180 Average loss:  0.0015523437525808196 , Accuracy:  94.5360824742268 , total:  970 correct:  917
EPOCH: 111  AVG_ACCURACY:  0.960879405108309 TIME:  21.691450119018555
260674478604 Average loss:  0.0004051031144217549 , Accuracy:  98.6388384754991 , total:  1102 correct:  1087
117907650880 Average loss:  0.0003836245329690323 , Accuracy:  98.86831275720165 , total:  972 correct:  961
252569887706 Average loss:  0.0007402412483257613 , Accuracy:  97.24137931034483 , total:  1015 correct:  987
EPOCH: 112  AVG_ACCURACY:  0.9825186144383296 TIME:  21.518880367279053
253404507983 Average loss:  0.0011096893651109255 , Accuracy:  95.92476489028213 , total:  957 correct:  918
331366269983 Average loss:  0.00038676619994433136 , Accuracy:  98.46625766871166 , total:  978 correct:  963
283593485078 Average loss:  0.0005350323886237671 , Accuracy:  98.22485207100591 , total:  1014 correct:  996
EPOCH: 113  AVG_ACCURACY:  0.9755849440488301 TIME:  21.77854824066162
585170985568 Average loss:  0.0009903193817340902 , Accuracy:  96.65178571428571 , total:  896 correct:  866
417865787848 Average loss:  0.0004653914233490501 , Accuracy:  98.55222337125129 , total:  967 correct:  953
647209050738 Average loss:  0.0006748450893088368 , Accuracy:  97.20216606498195 , total:  1108 correct:  1077
EPOCH: 114  AVG_ACCURACY:  0.9747559744193874 TIME:  21.586400985717773
283593485078 Average loss:  0.0005579680806903915 , Accuracy:  97.92899408284023 , total:  1014 correct:  993
218428692940 Average loss:  0.0022187354753773854 , Accuracy:  93.57429718875503 , total:  996 correct:  932
117907650880 Average loss:  0.0003807405527267191 , Accuracy:  98.76543209876543 , total:  972 correct:  960
EPOCH: 115  AVG_ACCURACY:  0.9674714956405097 TIME:  21.772193908691406
117907650880 Average loss:  0.0003427401493560262 , Accuracy:  98.97119341563786 , total:  972 correct:  962
218428692940 Average loss:  0.0014004165448816904 , Accuracy:  95.38152610441767 , total:  996 correct:  950
124356982460 Average loss:  0.0007938195908376518 , Accuracy:  96.6576332429991 , total:  1107 correct:  1070
EPOCH: 116  AVG_ACCURACY:  0.9697560975609756 TIME:  21.81206512451172
117907650880 Average loss:  0.00041318566005661656 , Accuracy:  98.66255144032922 , total:  972 correct:  959
647209050738 Average loss:  0.0006774855939005686 , Accuracy:  97.47292418772564 , total:  1108 correct:  1080
585170985568 Average loss:  0.0010442637472546526 , Accuracy:  96.76339285714286 , total:  896 correct:  867
EPOCH: 117  AVG_ACCURACY:  0.9764784946236559 TIME:  21.907829761505127
117907650880 Average loss:  0.0004014560441130105 , Accuracy:  98.66255144032922 , total:  972 correct:  959
647209050738 Average loss:  0.00042051883979233164 , Accuracy:  98.55595667870035 , total:  1108 correct:  1092
124356982460 Average loss:  0.0004260609735749063 , Accuracy:  98.5546522131888 , total:  1107 correct:  1091
EPOCH: 118  AVG_ACCURACY:  0.9858801380608723 TIME:  21.802445888519287
260674478604 Average loss:  0.0002424653979549066 , Accuracy:  98.91107078039927 , total:  1102 correct:  1090
647209050738 Average loss:  0.00030231899632282203 , Accuracy:  98.64620938628158 , total:  1108 correct:  1093
124356982460 Average loss:  0.00031955690352816567 , Accuracy:  98.6449864498645 , total:  1107 correct:  1092
EPOCH: 119  AVG_ACCURACY:  0.9873379559843232 TIME:  21.89468026161194
585170985568 Average loss:  0.0009733182752305376 , Accuracy:  95.98214285714286 , total:  896 correct:  860
253404507983 Average loss:  0.001036340941051206 , Accuracy:  96.02925809822362 , total:  957 correct:  919
172027563180 Average loss:  0.0018638168567234707 , Accuracy:  92.98969072164948 , total:  970 correct:  902
EPOCH: 120  AVG_ACCURACY:  0.9496989018774353 TIME:  21.854377269744873
253404507983 Average loss:  0.0010003691720177762 , Accuracy:  96.1337513061651 , total:  957 correct:  920
331366269983 Average loss:  0.0004241990062630981 , Accuracy:  98.26175869120654 , total:  978 correct:  961
218428692940 Average loss:  0.0023374794028609633 , Accuracy:  93.07228915662651 , total:  996 correct:  927
EPOCH: 121  AVG_ACCURACY:  0.9580348004094166 TIME:  21.691001415252686
964406443220 Average loss:  0.000949610879554475 , Accuracy:  96.24134520276954 , total:  1011 correct:  973
124356982460 Average loss:  0.0006168813570028183 , Accuracy:  97.8319783197832 , total:  1107 correct:  1083
172027563180 Average loss:  0.0016620990541792407 , Accuracy:  93.91752577319588 , total:  970 correct:  911
EPOCH: 122  AVG_ACCURACY:  0.9608160621761658 TIME:  21.613056421279907
117907650880 Average loss:  0.00041762735491518866 , Accuracy:  98.86831275720165 , total:  972 correct:  961
218428692940 Average loss:  0.0024893403532035858 , Accuracy:  90.86345381526104 , total:  996 correct:  905
172027563180 Average loss:  0.0017416770464366244 , Accuracy:  92.88659793814433 , total:  970 correct:  901
EPOCH: 123  AVG_ACCURACY:  0.9417971409121851 TIME:  21.831881761550903
585170985568 Average loss:  0.0009566033799533866 , Accuracy:  96.76339285714286 , total:  896 correct:  867
283593485078 Average loss:  0.0006894954540849437 , Accuracy:  97.43589743589743 , total:  1014 correct:  988
124356982460 Average loss:  0.0006933673449001984 , Accuracy:  97.4706413730804 , total:  1107 correct:  1079
EPOCH: 124  AVG_ACCURACY:  0.9724892277096453 TIME:  21.77536416053772
964406443220 Average loss:  0.0004589308208014916 , Accuracy:  98.21958456973294 , total:  1011 correct:  993
283593485078 Average loss:  0.0003593834420148085 , Accuracy:  98.71794871794872 , total:  1014 correct:  1001
331366269983 Average loss:  0.0005563081152630486 , Accuracy:  98.15950920245399 , total:  978 correct:  960
EPOCH: 125  AVG_ACCURACY:  0.9836829836829837 TIME:  21.610005378723145
964406443220 Average loss:  0.0005377332664267128 , Accuracy:  97.62611275964392 , total:  1011 correct:  987
253404507983 Average loss:  0.0011907925044917264 , Accuracy:  95.92476489028213 , total:  957 correct:  918
172027563180 Average loss:  0.0014884772528078137 , Accuracy:  94.74226804123711 , total:  970 correct:  919
EPOCH: 126  AVG_ACCURACY:  0.9611980939414567 TIME:  21.562867403030396
172027563180 Average loss:  0.0009305009829629327 , Accuracy:  96.49484536082474 , total:  970 correct:  936
331366269983 Average loss:  0.00039284926475404716 , Accuracy:  98.56850715746421 , total:  978 correct:  964
124356982460 Average loss:  0.0007474950187466871 , Accuracy:  97.289972899729 , total:  1107 correct:  1077
EPOCH: 127  AVG_ACCURACY:  0.9744680851063829 TIME:  21.65540862083435
124356982460 Average loss:  0.000629052272455156 , Accuracy:  97.4706413730804 , total:  1107 correct:  1079
260674478604 Average loss:  0.00027770397993659906 , Accuracy:  99.18330308529946 , total:  1102 correct:  1093
585170985568 Average loss:  0.0008244444034062326 , Accuracy:  97.43303571428571 , total:  896 correct:  873
EPOCH: 128  AVG_ACCURACY:  0.9806763285024155 TIME:  21.656052350997925
117907650880 Average loss:  0.000597559084249622 , Accuracy:  98.14814814814815 , total:  972 correct:  954
283593485078 Average loss:  0.0003506837833371506 , Accuracy:  98.71794871794872 , total:  1014 correct:  1001
964406443220 Average loss:  0.00048332279741498767 , Accuracy:  98.21958456973294 , total:  1011 correct:  993
EPOCH: 129  AVG_ACCURACY:  0.9836503169836504 TIME:  21.835773468017578
283593485078 Average loss:  0.0002957729037660055 , Accuracy:  98.91518737672584 , total:  1014 correct:  1003
331366269983 Average loss:  0.0005265875188119573 , Accuracy:  98.26175869120654 , total:  978 correct:  961
964406443220 Average loss:  0.0004363031371595185 , Accuracy:  98.41740850642928 , total:  1011 correct:  995
EPOCH: 130  AVG_ACCURACY:  0.9853479853479854 TIME:  21.81162738800049
253404507983 Average loss:  0.0011362175660571832 , Accuracy:  96.1337513061651 , total:  957 correct:  920
172027563180 Average loss:  0.0013694326902173228 , Accuracy:  95.15463917525773 , total:  970 correct:  923
283593485078 Average loss:  0.00039190758585459616 , Accuracy:  98.42209072978304 , total:  1014 correct:  998
EPOCH: 131  AVG_ACCURACY:  0.9659979598775926 TIME:  21.827533960342407
283593485078 Average loss:  0.00039329519770907225 , Accuracy:  98.22485207100591 , total:  1014 correct:  996
253404507983 Average loss:  0.0009686294806850617 , Accuracy:  96.44723092998954 , total:  957 correct:  923
117907650880 Average loss:  0.000618837114592148 , Accuracy:  97.94238683127573 , total:  972 correct:  952
EPOCH: 132  AVG_ACCURACY:  0.9755351681957186 TIME:  21.855493783950806
218428692940 Average loss:  0.002767553425816647 , Accuracy:  90.76305220883535 , total:  996 correct:  904
964406443220 Average loss:  0.0004055935716298874 , Accuracy:  98.12067260138477 , total:  1011 correct:  992
585170985568 Average loss:  0.000842826603080279 , Accuracy:  96.875 , total:  896 correct:  868
EPOCH: 133  AVG_ACCURACY:  0.9521184981054082 TIME:  21.489609003067017
218428692940 Average loss:  0.0017359786513579418 , Accuracy:  94.67871485943775 , total:  996 correct:  943
647209050738 Average loss:  0.0009297322522216756 , Accuracy:  96.48014440433214 , total:  1108 correct:  1069
253404507983 Average loss:  0.001027646020070388 , Accuracy:  95.82027168234065 , total:  957 correct:  917
EPOCH: 134  AVG_ACCURACY:  0.9568768376347598 TIME:  21.928054571151733
585170985568 Average loss:  0.000795208038263289 , Accuracy:  97.09821428571429 , total:  896 correct:  870
253404507983 Average loss:  0.0009114632778095477 , Accuracy:  96.23824451410658 , total:  957 correct:  921
647209050738 Average loss:  0.0007599350905536745 , Accuracy:  97.29241877256318 , total:  1108 correct:  1078
EPOCH: 135  AVG_ACCURACY:  0.9689294157379263 TIME:  21.654080629348755
647209050738 Average loss:  0.00069810072504764 , Accuracy:  97.47292418772564 , total:  1108 correct:  1080
585170985568 Average loss:  0.0005941816115020109 , Accuracy:  98.54910714285714 , total:  896 correct:  883
283593485078 Average loss:  0.0005931988160109379 , Accuracy:  97.73175542406311 , total:  1014 correct:  991
EPOCH: 136  AVG_ACCURACY:  0.9787939032471835 TIME:  21.856104612350464
252569887706 Average loss:  0.0008426841146546632 , Accuracy:  96.84729064039409 , total:  1015 correct:  983
218428692940 Average loss:  0.0016463124024939824 , Accuracy:  95.08032128514056 , total:  996 correct:  947
124356982460 Average loss:  0.0006816558348050286 , Accuracy:  97.5609756097561 , total:  1107 correct:  1080
EPOCH: 137  AVG_ACCURACY:  0.9653624118024374 TIME:  21.71029543876648
647209050738 Average loss:  0.0004389102853135297 , Accuracy:  98.64620938628158 , total:  1108 correct:  1093
124356982460 Average loss:  0.00044397729286602627 , Accuracy:  98.5546522131888 , total:  1107 correct:  1091
331366269983 Average loss:  0.0005172010214050855 , Accuracy:  98.3640081799591 , total:  978 correct:  962
EPOCH: 138  AVG_ACCURACY:  0.9852803006576887 TIME:  21.73044776916504
260674478604 Average loss:  0.00022885491082718607 , Accuracy:  99.00181488203266 , total:  1102 correct:  1091
647209050738 Average loss:  0.00031667166399611463 , Accuracy:  98.64620938628158 , total:  1108 correct:  1093
124356982460 Average loss:  0.00032994282653163226 , Accuracy:  98.5546522131888 , total:  1107 correct:  1091
EPOCH: 139  AVG_ACCURACY:  0.9873379559843232 TIME:  21.838294982910156
283593485078 Average loss:  0.0006542804869556803 , Accuracy:  97.73175542406311 , total:  1014 correct:  991
260674478604 Average loss:  0.0002722912831417878 , Accuracy:  99.00181488203266 , total:  1102 correct:  1091
117907650880 Average loss:  0.0005187604982605196 , Accuracy:  98.14814814814815 , total:  972 correct:  954
EPOCH: 140  AVG_ACCURACY:  0.9831606217616581 TIME:  21.868672370910645
124356982460 Average loss:  0.0005012711109601924 , Accuracy:  97.7416440831075 , total:  1107 correct:  1082
585170985568 Average loss:  0.0008385542439230319 , Accuracy:  97.09821428571429 , total:  896 correct:  870
252569887706 Average loss:  0.000857837567922517 , Accuracy:  96.45320197044335 , total:  1015 correct:  979
EPOCH: 141  AVG_ACCURACY:  0.9711729622266402 TIME:  21.788139820098877
585170985568 Average loss:  0.0006362037176066744 , Accuracy:  98.10267857142857 , total:  896 correct:  879
172027563180 Average loss:  0.0019344522627358584 , Accuracy:  93.09278350515464 , total:  970 correct:  903
647209050738 Average loss:  0.0004873154802577375 , Accuracy:  98.014440433213 , total:  1108 correct:  1086
EPOCH: 142  AVG_ACCURACY:  0.9643577673167452 TIME:  21.884992361068726
124356982460 Average loss:  0.000396284860303893 , Accuracy:  98.4643179765131 , total:  1107 correct:  1090
260674478604 Average loss:  0.0002302460988540669 , Accuracy:  99.09255898366607 , total:  1102 correct:  1092
117907650880 Average loss:  0.0005405277374043386 , Accuracy:  98.25102880658436 , total:  972 correct:  955
EPOCH: 143  AVG_ACCURACY:  0.986167871738447 TIME:  21.48805809020996
172027563180 Average loss:  0.0012969255216957367 , Accuracy:  95.36082474226804 , total:  970 correct:  925
124356982460 Average loss:  0.0004505872770188193 , Accuracy:  97.92231255645889 , total:  1107 correct:  1084
585170985568 Average loss:  0.0006610247614194772 , Accuracy:  98.10267857142857 , total:  896 correct:  879
EPOCH: 144  AVG_ACCURACY:  0.9714093508240834 TIME:  21.68866276741028
964406443220 Average loss:  0.0005353810182753232 , Accuracy:  97.92284866468843 , total:  1011 correct:  990
253404507983 Average loss:  0.0013090628885363336 , Accuracy:  95.5067920585162 , total:  957 correct:  914
252569887706 Average loss:  0.0007555463814676689 , Accuracy:  96.84729064039409 , total:  1015 correct:  983
EPOCH: 145  AVG_ACCURACY:  0.9678176332551123 TIME:  21.99222159385681
260674478604 Average loss:  0.00026323786047633785 , Accuracy:  99.09255898366607 , total:  1102 correct:  1092
172027563180 Average loss:  0.0011893103187231673 , Accuracy:  95.6701030927835 , total:  970 correct:  928
124356982460 Average loss:  0.00046893026403806826 , Accuracy:  98.3739837398374 , total:  1107 correct:  1089
EPOCH: 146  AVG_ACCURACY:  0.9779804970116389 TIME:  21.670195817947388
253404507983 Average loss:  0.00112812463563936 , Accuracy:  96.02925809822362 , total:  957 correct:  919
417865787848 Average loss:  0.0006458813626985638 , Accuracy:  97.41468459152017 , total:  967 correct:  942
252569887706 Average loss:  0.0008522475587910619 , Accuracy:  96.25615763546799 , total:  1015 correct:  977
EPOCH: 147  AVG_ACCURACY:  0.9656345695814903 TIME:  21.71518611907959
260674478604 Average loss:  0.00032020948519642905 , Accuracy:  98.91107078039927 , total:  1102 correct:  1090
117907650880 Average loss:  0.00045206530763165943 , Accuracy:  98.76543209876543 , total:  972 correct:  960
218428692940 Average loss:  0.0027172861388888225 , Accuracy:  90.66265060240964 , total:  996 correct:  903
EPOCH: 148  AVG_ACCURACY:  0.9618892508143323 TIME:  21.767574071884155
585170985568 Average loss:  0.0008055951329879463 , Accuracy:  97.32142857142857 , total:  896 correct:  872
124356982460 Average loss:  0.0006446024266684927 , Accuracy:  97.5609756097561 , total:  1107 correct:  1080
252569887706 Average loss:  0.0008051430980853847 , Accuracy:  96.94581280788178 , total:  1015 correct:  984
EPOCH: 149  AVG_ACCURACY:  0.9728296885354539 TIME:  21.825088024139404
283593485078 Average loss:  0.00048586659508167637 , Accuracy:  98.22485207100591 , total:  1014 correct:  996
585170985568 Average loss:  0.0005176633879143212 , Accuracy:  98.66071428571429 , total:  896 correct:  884
260674478604 Average loss:  0.00033567863991467144 , Accuracy:  99.00181488203266 , total:  1102 correct:  1091
EPOCH: 150  AVG_ACCURACY:  0.9863877822045153 TIME:  21.811301231384277
124356982460 Average loss:  0.0005879304754567125 , Accuracy:  97.4706413730804 , total:  1107 correct:  1079
253404507983 Average loss:  0.0011647379448172191 , Accuracy:  95.5067920585162 , total:  957 correct:  914
172027563180 Average loss:  0.0014111860357608993 , Accuracy:  94.74226804123711 , total:  970 correct:  919
EPOCH: 151  AVG_ACCURACY:  0.959789057350033 TIME:  21.66996693611145
172027563180 Average loss:  0.0011452376458448233 , Accuracy:  95.6701030927835 , total:  970 correct:  928
283593485078 Average loss:  0.0006341782951437275 , Accuracy:  97.43589743589743 , total:  1014 correct:  988
585170985568 Average loss:  0.0005607955577683502 , Accuracy:  98.32589285714286 , total:  896 correct:  881
EPOCH: 152  AVG_ACCURACY:  0.9711805555555556 TIME:  21.84395480155945
117907650880 Average loss:  0.0006503522695030695 , Accuracy:  97.8395061728395 , total:  972 correct:  951
964406443220 Average loss:  0.0005989677588705021 , Accuracy:  97.13155291790306 , total:  1011 correct:  982
253404507983 Average loss:  0.001125655114619585 , Accuracy:  95.92476489028213 , total:  957 correct:  918
EPOCH: 153  AVG_ACCURACY:  0.9697278911564626 TIME:  21.692822694778442
964406443220 Average loss:  0.0004246986736419116 , Accuracy:  98.3184965380811 , total:  1011 correct:  994
283593485078 Average loss:  0.00033093592807782827 , Accuracy:  98.71794871794872 , total:  1014 correct:  1001
417865787848 Average loss:  0.0005232863390149844 , Accuracy:  98.3453981385729 , total:  967 correct:  951
EPOCH: 154  AVG_ACCURACY:  0.9846256684491979 TIME:  21.821529626846313
647209050738 Average loss:  0.0007022150223973857 , Accuracy:  97.20216606498195 , total:  1108 correct:  1077
172027563180 Average loss:  0.001221265013992172 , Accuracy:  95.56701030927834 , total:  970 correct:  927
417865787848 Average loss:  0.0004926939555583474 , Accuracy:  97.82833505687694 , total:  967 correct:  946
EPOCH: 155  AVG_ACCURACY:  0.9688013136288999 TIME:  21.72623109817505
252569887706 Average loss:  0.00076811068090312 , Accuracy:  96.94581280788178 , total:  1015 correct:  984
260674478604 Average loss:  0.0003848861507435892 , Accuracy:  98.6388384754991 , total:  1102 correct:  1087
117907650880 Average loss:  0.00042332150808577673 , Accuracy:  98.559670781893 , total:  972 correct:  958
EPOCH: 156  AVG_ACCURACY:  0.9805762382648107 TIME:  21.65735650062561
647209050738 Average loss:  0.0005621499035655377 , Accuracy:  97.38267148014441 , total:  1108 correct:  1079
585170985568 Average loss:  0.0008504058392385819 , Accuracy:  97.32142857142857 , total:  896 correct:  872
124356982460 Average loss:  0.0005609311782624556 , Accuracy:  97.4706413730804 , total:  1107 correct:  1079
EPOCH: 157  AVG_ACCURACY:  0.973963355834137 TIME:  21.72650384902954
117907650880 Average loss:  0.0004006466222735344 , Accuracy:  98.45679012345678 , total:  972 correct:  957
172027563180 Average loss:  0.0010474430377950374 , Accuracy:  96.18556701030928 , total:  970 correct:  933
331366269983 Average loss:  0.0003166147545818049 , Accuracy:  98.56850715746421 , total:  978 correct:  964
EPOCH: 158  AVG_ACCURACY:  0.9773972602739726 TIME:  21.62789249420166
283593485078 Average loss:  0.0005725501252143576 , Accuracy:  97.83037475345168 , total:  1014 correct:  992
253404507983 Average loss:  0.0013673803306796831 , Accuracy:  94.8798328108673 , total:  957 correct:  908
218428692940 Average loss:  0.003369100092644672 , Accuracy:  88.05220883534136 , total:  996 correct:  877
EPOCH: 159  AVG_ACCURACY:  0.9359622514324233 TIME:  21.780696153640747
417865787848 Average loss:  0.0002614810538883663 , Accuracy:  99.17269906928645 , total:  967 correct:  959
218428692940 Average loss:  0.0017021254348347943 , Accuracy:  94.97991967871486 , total:  996 correct:  946
331366269983 Average loss:  0.00039546493372302847 , Accuracy:  98.15950920245399 , total:  978 correct:  960
EPOCH: 160  AVG_ACCURACY:  0.9741584495069704 TIME:  21.86691904067993
253404507983 Average loss:  0.0012318345726844285 , Accuracy:  95.19331243469175 , total:  957 correct:  911
331366269983 Average loss:  0.00038741878852827175 , Accuracy:  98.26175869120654 , total:  978 correct:  961
964406443220 Average loss:  0.0006331598642259158 , Accuracy:  97.72502472799209 , total:  1011 correct:  988
EPOCH: 161  AVG_ACCURACY:  0.9708078750848609 TIME:  21.702480792999268
585170985568 Average loss:  0.0008743496936014188 , Accuracy:  97.20982142857143 , total:  896 correct:  871
253404507983 Average loss:  0.001107277529646984 , Accuracy:  95.71577847439916 , total:  957 correct:  916
417865787848 Average loss:  0.00031275137384434643 , Accuracy:  99.27611168562565 , total:  967 correct:  960
EPOCH: 162  AVG_ACCURACY:  0.974113475177305 TIME:  21.689033269882202
124356982460 Average loss:  0.0007652110288082853 , Accuracy:  97.10930442637759 , total:  1107 correct:  1075
331366269983 Average loss:  0.0003820854774342968 , Accuracy:  98.3640081799591 , total:  978 correct:  962
964406443220 Average loss:  0.00060994868211883 , Accuracy:  97.62611275964392 , total:  1011 correct:  987
EPOCH: 163  AVG_ACCURACY:  0.9767441860465116 TIME:  21.585137844085693
585170985568 Average loss:  0.0007851673830633185 , Accuracy:  97.32142857142857 , total:  896 correct:  872
252569887706 Average loss:  0.0008461187405539263 , Accuracy:  96.7487684729064 , total:  1015 correct:  982
218428692940 Average loss:  0.001748811423658846 , Accuracy:  93.97590361445783 , total:  996 correct:  936
EPOCH: 164  AVG_ACCURACY:  0.9597523219814241 TIME:  21.718470811843872
172027563180 Average loss:  0.0022275125703860804 , Accuracy:  91.1340206185567 , total:  970 correct:  884
417865787848 Average loss:  0.00033946045132155503 , Accuracy:  98.96587383660807 , total:  967 correct:  957
283593485078 Average loss:  0.000483867141034241 , Accuracy:  98.12623274161736 , total:  1014 correct:  995
EPOCH: 165  AVG_ACCURACY:  0.9610301592680447 TIME:  21.61815309524536
172027563180 Average loss:  0.0014656627454708532 , Accuracy:  94.3298969072165 , total:  970 correct:  915
260674478604 Average loss:  0.00042349516926248795 , Accuracy:  98.72958257713249 , total:  1102 correct:  1088
964406443220 Average loss:  0.000567327939806659 , Accuracy:  97.62611275964392 , total:  1011 correct:  987
EPOCH: 166  AVG_ACCURACY:  0.9698345767109958 TIME:  21.766432762145996
172027563180 Average loss:  0.0010355740631978537 , Accuracy:  96.28865979381443 , total:  970 correct:  934
260674478604 Average loss:  0.00035196325628462157 , Accuracy:  99.00181488203266 , total:  1102 correct:  1091
253404507983 Average loss:  0.0011617177737294818 , Accuracy:  95.61128526645768 , total:  957 correct:  915
EPOCH: 167  AVG_ACCURACY:  0.9706173654671508 TIME:  21.636921644210815
124356982460 Average loss:  0.0007495905904481297 , Accuracy:  96.9286359530262 , total:  1107 correct:  1073
331366269983 Average loss:  0.0004288254511411205 , Accuracy:  98.3640081799591 , total:  978 correct:  962
218428692940 Average loss:  0.0026726130859918863 , Accuracy:  90.36144578313252 , total:  996 correct:  900
EPOCH: 168  AVG_ACCURACY:  0.952612788055826 TIME:  21.557679176330566
218428692940 Average loss:  0.0016297230788742203 , Accuracy:  95.18072289156626 , total:  996 correct:  948
252569887706 Average loss:  0.0008557009139084464 , Accuracy:  96.94581280788178 , total:  1015 correct:  984
647209050738 Average loss:  0.0007913006126665466 , Accuracy:  96.84115523465704 , total:  1108 correct:  1073
EPOCH: 169  AVG_ACCURACY:  0.96344982366143 TIME:  21.626399278640747
585170985568 Average loss:  0.0010042159618543728 , Accuracy:  96.76339285714286 , total:  896 correct:  867
172027563180 Average loss:  0.0014979792163544094 , Accuracy:  94.43298969072166 , total:  970 correct:  916
647209050738 Average loss:  0.0006903873433759066 , Accuracy:  97.56317689530685 , total:  1108 correct:  1081
EPOCH: 170  AVG_ACCURACY:  0.9630127774041695 TIME:  21.69938635826111
172027563180 Average loss:  0.0010736612161410225 , Accuracy:  96.28865979381443 , total:  970 correct:  934
260674478604 Average loss:  0.00028328899126804137 , Accuracy:  98.91107078039927 , total:  1102 correct:  1090
124356982460 Average loss:  0.0006053662928731569 , Accuracy:  97.8319783197832 , total:  1107 correct:  1083
EPOCH: 171  AVG_ACCURACY:  0.9773513683548286 TIME:  21.507041692733765
252569887706 Average loss:  0.0009735379826846381 , Accuracy:  95.86206896551724 , total:  1015 correct:  973
260674478604 Average loss:  0.00026550696327768525 , Accuracy:  99.09255898366607 , total:  1102 correct:  1092
647209050738 Average loss:  0.0005439934472045744 , Accuracy:  97.92418772563177 , total:  1108 correct:  1085
EPOCH: 172  AVG_ACCURACY:  0.9767441860465116 TIME:  21.63459825515747
124356982460 Average loss:  0.0005368989309280869 , Accuracy:  97.92231255645889 , total:  1107 correct:  1084
417865787848 Average loss:  0.0004709502383527243 , Accuracy:  98.4488107549121 , total:  967 correct:  952
283593485078 Average loss:  0.0005825060590572611 , Accuracy:  97.73175542406311 , total:  1014 correct:  991
EPOCH: 173  AVG_ACCURACY:  0.9802461139896373 TIME:  21.72305130958557
964406443220 Average loss:  0.000596809662458451 , Accuracy:  97.82393669634025 , total:  1011 correct:  989
331366269983 Average loss:  0.0004973717410963006 , Accuracy:  98.26175869120654 , total:  978 correct:  961
585170985568 Average loss:  0.0008785275443057929 , Accuracy:  97.20982142857143 , total:  896 correct:  871
EPOCH: 174  AVG_ACCURACY:  0.9778162911611785 TIME:  21.573424100875854
172027563180 Average loss:  0.0012065876928186907 , Accuracy:  95.77319587628865 , total:  970 correct:  929
260674478604 Average loss:  0.000299458337454176 , Accuracy:  99.18330308529946 , total:  1102 correct:  1093
417865787848 Average loss:  0.00043733707593509306 , Accuracy:  98.3453981385729 , total:  967 correct:  951
EPOCH: 175  AVG_ACCURACY:  0.9782823297137216 TIME:  21.30562663078308
417865787848 Average loss:  0.0004153718262710517 , Accuracy:  98.65563598759049 , total:  967 correct:  954
124356982460 Average loss:  0.0005867869021958236 , Accuracy:  97.4706413730804 , total:  1107 correct:  1079
585170985568 Average loss:  0.0007245399590049471 , Accuracy:  97.65625 , total:  896 correct:  875
EPOCH: 176  AVG_ACCURACY:  0.9791245791245792 TIME:  21.54892659187317
647209050738 Average loss:  0.0004497655290800957 , Accuracy:  98.10469314079423 , total:  1108 correct:  1087
124356982460 Average loss:  0.0004582375383918201 , Accuracy:  98.1029810298103 , total:  1107 correct:  1086
331366269983 Average loss:  0.00037412654993206204 , Accuracy:  98.46625766871166 , total:  978 correct:  963
EPOCH: 177  AVG_ACCURACY:  0.9821484497337927 TIME:  21.745508670806885
964406443220 Average loss:  0.0008289217727828097 , Accuracy:  96.63699307616221 , total:  1011 correct:  977
331366269983 Average loss:  0.000360524410416195 , Accuracy:  98.46625766871166 , total:  978 correct:  963
172027563180 Average loss:  0.001165812969515004 , Accuracy:  95.97938144329896 , total:  970 correct:  931
EPOCH: 178  AVG_ACCURACY:  0.9702602230483272 TIME:  21.778308868408203
117907650880 Average loss:  0.0004674457588497503 , Accuracy:  98.14814814814815 , total:  972 correct:  954
283593485078 Average loss:  0.0005762199292609678 , Accuracy:  97.83037475345168 , total:  1014 correct:  992
260674478604 Average loss:  0.0003016194241618342 , Accuracy:  99.00181488203266 , total:  1102 correct:  1091
EPOCH: 179  AVG_ACCURACY:  0.9834844559585493 TIME:  21.76427698135376
252569887706 Average loss:  0.000815678072239965 , Accuracy:  96.65024630541872 , total:  1015 correct:  981
117907650880 Average loss:  0.0004351560310019878 , Accuracy:  98.35390946502058 , total:  972 correct:  956
172027563180 Average loss:  0.001108097607634731 , Accuracy:  95.97938144329896 , total:  970 correct:  931
EPOCH: 180  AVG_ACCURACY:  0.9699019276293541 TIME:  21.517048835754395
331366269983 Average loss:  0.0003752830268811351 , Accuracy:  98.3640081799591 , total:  978 correct:  962
647209050738 Average loss:  0.0005614364667651025 , Accuracy:  97.47292418772564 , total:  1108 correct:  1080
585170985568 Average loss:  0.0008767291728872806 , Accuracy:  97.09821428571429 , total:  896 correct:  870
EPOCH: 181  AVG_ACCURACY:  0.9765258215962441 TIME:  21.748440742492676
331366269983 Average loss:  0.00041053481476194774 , Accuracy:  98.3640081799591 , total:  978 correct:  962
964406443220 Average loss:  0.0005769958677236452 , Accuracy:  97.72502472799209 , total:  1011 correct:  988
283593485078 Average loss:  0.00042570330922655337 , Accuracy:  98.42209072978304 , total:  1014 correct:  998
EPOCH: 182  AVG_ACCURACY:  0.9816849816849816 TIME:  21.60405731201172
172027563180 Average loss:  0.0011239839429707872 , Accuracy:  96.08247422680412 , total:  970 correct:  932
417865787848 Average loss:  0.0004453698516030716 , Accuracy:  97.93174767321614 , total:  967 correct:  947
331366269983 Average loss:  0.0003242184791774898 , Accuracy:  98.46625766871166 , total:  978 correct:  963
EPOCH: 183  AVG_ACCURACY:  0.9749571183533448 TIME:  21.60117793083191
283593485078 Average loss:  0.0005348535177446682 , Accuracy:  97.92899408284023 , total:  1014 correct:  993
253404507983 Average loss:  0.0015763189554089912 , Accuracy:  94.04388714733543 , total:  957 correct:  900
647209050738 Average loss:  0.0006057496219604454 , Accuracy:  97.65342960288808 , total:  1108 correct:  1082 