Cluster Info:
   8 :  1.0
   9 :  1.0
   10 :  1.0
   11 :  1.0
   1 :  2.0
   12 :  1.0
   2 :  2.0
   13 :  1.0
   14 :  1.0
   6 :  3.0
   15 :  1.0
   16 :  1.0
   17 :  1.0
   18 :  1.0
   7 :  3.0
   19 :  1.0
   5 :  3.0
   20 :  1.0
   21 :  1.0
   22 :  1.0
   23 :  1.0
   24 :  1.0
   25 :  1.0
   26 :  1.0
   27 :  1.0
   28 :  1.0
   3 :  2.0
   29 :  1.0
   0 :  2.0
   30 :  1.0
   31 :  1.0
   4 :  2.0
   32 :  1.0
   33 :  1.0
   34 :  1.0
   35 :  1.0
   36 :  1.0
   37 :  1.0
   38 :  1.0
Dev Info:
  8: 2 
  9: 3 
  10: 4 
  11: 5 
  1: 6 32 
  12: 7 
  2: 8 35 
  13: 9 
  14: 10 
  6: 11 40 50 
  15: 12 
  16: 13 
  17: 14 
  18: 15 
  7: 16 27 46 
  19: 17 
  5: 18 24 38 
  20: 19 
  21: 20 
  22: 21 
  23: 22 
  24: 23 
  25: 25 
  26: 26 
  27: 28 
  28: 29 
  3: 30 34 
  29: 31 
  0: 33 37 
  30: 36 
  31: 39 
  4: 41 47 
  32: 42 
  33: 43 
  34: 44 
  35: 45 
  36: 48 
  37: 49 
  38: 51 
##  0   51   38   1.0
EPOCH: 0 AVG_ACCURACY: 0.115859 #WORKERS: 10 SCHED TIME: 0.0008 TRAIN TIME: 100.6569 TOTAL TRAIN: 100.6577 FIT TIME: 212.867505 EVAL TIME: 105.1476 TOTAL: 212.8675
##  1   51   38   0.9712918660287081
EPOCH: 1 AVG_ACCURACY: 0.10229 #WORKERS: 10 SCHED TIME: 0.0008 TRAIN TIME: 100.0648 TOTAL TRAIN: 100.0656 FIT TIME: 172.410889 EVAL TIME: 103.2797 TOTAL: 385.2784
##  2   51   38   1.0
EPOCH: 2 AVG_ACCURACY: 0.15115 #WORKERS: 10 SCHED TIME: 0.0008 TRAIN TIME: 112.7015 TOTAL TRAIN: 112.7024 FIT TIME: 224.912152 EVAL TIME: 103.4555 TOTAL: 610.1905
##  3   51   38   0.9712918660287081
EPOCH: 3 AVG_ACCURACY: 0.268187 #WORKERS: 10 SCHED TIME: 0.0008 TRAIN TIME: 107.6748 TOTAL TRAIN: 107.6757 FIT TIME: 162.89352 EVAL TIME: 103.2309 TOTAL: 773.0841
##  4   51   38   0.09569377990430628
EPOCH: 4 AVG_ACCURACY: 0.208914 #WORKERS: 10 SCHED TIME: 0.0008 TRAIN TIME: 104.4418 TOTAL TRAIN: 104.4426 FIT TIME: 166.443315 EVAL TIME: 103.4075 TOTAL: 939.5274
##  5   51   38   1.0
EPOCH: 5 AVG_ACCURACY: 0.116613 #WORKERS: 10 SCHED TIME: 0.0008 TRAIN TIME: 104.4726 TOTAL TRAIN: 104.4734 FIT TIME: 141.909216 EVAL TIME: 104.4004 TOTAL: 1081.4366
##  6   51   38   0.9736842105263158
EPOCH: 6 AVG_ACCURACY: 0.387769 #WORKERS: 10 SCHED TIME: 0.0008 TRAIN TIME: 91.2756 TOTAL TRAIN: 91.2764 FIT TIME: 197.802185 EVAL TIME: 103.3749 TOTAL: 1279.2388
##  7   51   38   0.9497607655502392
EPOCH: 7 AVG_ACCURACY: 0.231059 #WORKERS: 10 SCHED TIME: 0.0008 TRAIN TIME: 120.0611 TOTAL TRAIN: 120.0619 FIT TIME: 202.515869 EVAL TIME: 104.126 TOTAL: 1481.7547
##  8   51   38   1.0
EPOCH: 8 AVG_ACCURACY: 0.192235 #WORKERS: 10 SCHED TIME: 0.0009 TRAIN TIME: 174.9113 TOTAL TRAIN: 174.9122 FIT TIME: 212.699198 EVAL TIME: 103.1643 TOTAL: 1694.4538
##  9   51   38   0.36124401913875603
EPOCH: 9 AVG_ACCURACY: 0.506314 #WORKERS: 10 SCHED TIME: 0.0009 TRAIN TIME: 104.3846 TOTAL TRAIN: 104.3855 FIT TIME: 167.40793 EVAL TIME: 104.0508 TOTAL: 1861.8618
##  10   51   38   0.6985645933014354
EPOCH: 10 AVG_ACCURACY: 0.486619 #WORKERS: 10 SCHED TIME: 0.0008 TRAIN TIME: 104.9671 TOTAL TRAIN: 104.9679 FIT TIME: 217.177723 EVAL TIME: 104.1838 TOTAL: 2079.0395
##  11   51   38   0.1555023923444976
EPOCH: 11 AVG_ACCURACY: 0.466547 #WORKERS: 10 SCHED TIME: 0.0012 TRAIN TIME: 105.0414 TOTAL TRAIN: 105.0425 FIT TIME: 183.415511 EVAL TIME: 104.2193 TOTAL: 2262.455
##  12   51   38   0.1866028708133971
EPOCH: 12 AVG_ACCURACY: 0.514842 #WORKERS: 10 SCHED TIME: 0.0009 TRAIN TIME: 110.3129 TOTAL TRAIN: 110.3137 FIT TIME: 173.33625 EVAL TIME: 103.1192 TOTAL: 2435.7913
##  13   51   38   0.10765550239234445
EPOCH: 13 AVG_ACCURACY: 0.55131 #WORKERS: 10 SCHED TIME: 0.0008 TRAIN TIME: 104.5335 TOTAL TRAIN: 104.5343 FIT TIME: 186.98831 EVAL TIME: 103.9371 TOTAL: 2622.7796
##  14   51   38   0.4880382775119617
EPOCH: 14 AVG_ACCURACY: 0.581841 #WORKERS: 10 SCHED TIME: 0.0009 TRAIN TIME: 105.0122 TOTAL TRAIN: 105.0131 FIT TIME: 142.800106 EVAL TIME: 104.2466 TOTAL: 2765.5797
##  15   51   38   0.16267942583732053
EPOCH: 15 AVG_ACCURACY: 0.501932 #WORKERS: 10 SCHED TIME: 0.0008 TRAIN TIME: 109.9943 TOTAL TRAIN: 109.9951 FIT TIME: 198.764131 EVAL TIME: 102.9219 TOTAL: 2964.3438
##  16   51   38   0.29425837320574166
EPOCH: 16 AVG_ACCURACY: 0.585281 #WORKERS: 10 SCHED TIME: 0.0008 TRAIN TIME: 109.6072 TOTAL TRAIN: 109.608 FIT TIME: 171.608652 EVAL TIME: 104.1778 TOTAL: 3135.9525
##  17   51   38   0.14832535885167464
EPOCH: 17 AVG_ACCURACY: 0.596966 #WORKERS: 10 SCHED TIME: 0.0012 TRAIN TIME: 97.4069 TOTAL TRAIN: 97.4081 FIT TIME: 160.430249 EVAL TIME: 103.3367 TOTAL: 3296.3827
##  18   51   38   0.13157894736842102
EPOCH: 18 AVG_ACCURACY: 0.627167 #WORKERS: 10 SCHED TIME: 0.0008 TRAIN TIME: 109.4638 TOTAL TRAIN: 109.4646 FIT TIME: 147.251608 EVAL TIME: 104.014 TOTAL: 3443.6343
##  19   51   38   0.2272727272727273
EPOCH: 19 AVG_ACCURACY: 0.631408 #WORKERS: 10 SCHED TIME: 0.0008 TRAIN TIME: 90.5977 TOTAL TRAIN: 90.5985 FIT TIME: 162.943709 EVAL TIME: 103.2827 TOTAL: 3606.578
##  20   51   38   0.1267942583732058
EPOCH: 20 AVG_ACCURACY: 0.635319 #WORKERS: 10 SCHED TIME: 0.0008 TRAIN TIME: 96.9959 TOTAL TRAIN: 96.9967 FIT TIME: 183.642889 EVAL TIME: 104.1548 TOTAL: 3790.2209
##  21   51   38   0.15071770334928225
EPOCH: 21 AVG_ACCURACY: 0.678006 #WORKERS: 10 SCHED TIME: 0.0011 TRAIN TIME: 97.7448 TOTAL TRAIN: 97.7459 FIT TIME: 137.162626 EVAL TIME: 104.4069 TOTAL: 3927.3835
##  22   51   38   0.4425837320574163
EPOCH: 22 AVG_ACCURACY: 0.640124 #WORKERS: 10 SCHED TIME: 0.0008 TRAIN TIME: 98.1539 TOTAL TRAIN: 98.1547 FIT TIME: 175.530756 EVAL TIME: 103.2224 TOTAL: 4102.9143
##  23   51   38   0.052631578947368474
EPOCH: 23 AVG_ACCURACY: 0.661657 #WORKERS: 10 SCHED TIME: 0.0008 TRAIN TIME: 97.4691 TOTAL TRAIN: 97.4699 FIT TIME: 175.843231 EVAL TIME: 103.2161 TOTAL: 4278.7575
##  24   51   38   0.22248803827751196
EPOCH: 24 AVG_ACCURACY: 0.654071 #WORKERS: 10 SCHED TIME: 0.0008 TRAIN TIME: 104.6189 TOTAL TRAIN: 104.6197 FIT TIME: 216.829492 EVAL TIME: 104.0858 TOTAL: 4495.587
##  25   51   38   0.1411483253588517
EPOCH: 25 AVG_ACCURACY: 0.712966 #WORKERS: 10 SCHED TIME: 0.0011 TRAIN TIME: 109.6298 TOTAL TRAIN: 109.6309 FIT TIME: 192.084558 EVAL TIME: 102.9662 TOTAL: 4687.6716
##  26   51   38   0.08851674641148322
EPOCH: 26 AVG_ACCURACY: 0.71259 #WORKERS: 10 SCHED TIME: 0.0009 TRAIN TIME: 104.4423 TOTAL TRAIN: 104.4432 FIT TIME: 191.089287 EVAL TIME: 103.0607 TOTAL: 4878.7609
##  27   51   38   0.09569377990430628
EPOCH: 27 AVG_ACCURACY: 0.724039 #WORKERS: 10 SCHED TIME: 0.0009 TRAIN TIME: 109.6707 TOTAL TRAIN: 109.6716 FIT TIME: 149.088489 EVAL TIME: 103.6827 TOTAL: 5027.8494
##  28   51   38   0.22248803827751196
EPOCH: 28 AVG_ACCURACY: 0.725547 #WORKERS: 10 SCHED TIME: 0.0008 TRAIN TIME: 97.0998 TOTAL TRAIN: 97.1006 FIT TIME: 174.476658 EVAL TIME: 104.2347 TOTAL: 5202.326
##  29   51   38   0.16746411483253587
EPOCH: 29 AVG_ACCURACY: 0.733368 #WORKERS: 10 SCHED TIME: 0.0008 TRAIN TIME: 97.4815 TOTAL TRAIN: 97.4824 FIT TIME: 134.918182 EVAL TIME: 103.4451 TOTAL: 5337.2442
##  30   51   38   0.18181818181818177
EPOCH: 30 AVG_ACCURACY: 0.78039 #WORKERS: 10 SCHED TIME: 0.0009 TRAIN TIME: 97.0577 TOTAL TRAIN: 97.0585 FIT TIME: 136.475485 EVAL TIME: 103.2788 TOTAL: 5473.7197
##  31   51   38   0.1578947368421053
EPOCH: 31 AVG_ACCURACY: 0.738504 #WORKERS: 10 SCHED TIME: 0.0008 TRAIN TIME: 104.6461 TOTAL TRAIN: 104.647 FIT TIME: 192.492166 EVAL TIME: 104.6427 TOTAL: 5666.2119
##  32   51   38   0.2296650717703349
EPOCH: 32 AVG_ACCURACY: 0.735064 #WORKERS: 10 SCHED TIME: 0.0008 TRAIN TIME: 114.1348 TOTAL TRAIN: 114.1356 FIT TIME: 151.922693 EVAL TIME: 104.0935 TOTAL: 5818.1345
##  33   51   38   0.13397129186602874
EPOCH: 33 AVG_ACCURACY: 0.806587 #WORKERS: 10 SCHED TIME: 0.0008 TRAIN TIME: 104.4144 TOTAL TRAIN: 104.4152 FIT TIME: 176.760421 EVAL TIME: 105.033 TOTAL: 5994.895
##  34   51   38   0.23684210526315785
EPOCH: 34 AVG_ACCURACY: 0.794148 #WORKERS: 10 SCHED TIME: 0.0012 TRAIN TIME: 97.0457 TOTAL TRAIN: 97.0469 FIT TIME: 169.391749 EVAL TIME: 104.48 TOTAL: 6164.2867
##  35   51   38   0.1578947368421053
EPOCH: 35 AVG_ACCURACY: 0.811534 #WORKERS: 10 SCHED TIME: 0.0009 TRAIN TIME: 113.9625 TOTAL TRAIN: 113.9634 FIT TIME: 182.71035 EVAL TIME: 104.0569 TOTAL: 6346.9971
##  36   51   38   0.0717703349282297
EPOCH: 36 AVG_ACCURACY: 0.808848 #WORKERS: 10 SCHED TIME: 0.0008 TRAIN TIME: 96.8892 TOTAL TRAIN: 96.8901 FIT TIME: 159.91261 EVAL TIME: 104.6405 TOTAL: 6506.9097
##  37   51   38   0.055023923444976086
EPOCH: 37 AVG_ACCURACY: 0.804231 #WORKERS: 10 SCHED TIME: 0.0008 TRAIN TIME: 90.7245 TOTAL TRAIN: 90.7253 FIT TIME: 197.251054 EVAL TIME: 103.7898 TOTAL: 6704.1607
##  38   51   38   0.055023923444976086
EPOCH: 38 AVG_ACCURACY: 0.818884 #WORKERS: 10 SCHED TIME: 0.0008 TRAIN TIME: 97.4575 TOTAL TRAIN: 97.4583 FIT TIME: 134.894146 EVAL TIME: 104.5019 TOTAL: 6839.0549
##  39   51   38   0.07416267942583732
EPOCH: 39 AVG_ACCURACY: 0.810498 #WORKERS: 10 SCHED TIME: 0.0008 TRAIN TIME: 97.1795 TOTAL TRAIN: 97.1803 FIT TIME: 185.025564 EVAL TIME: 103.6318 TOTAL: 7024.0804
##  40   51   38   0.0717703349282297
EPOCH: 40 AVG_ACCURACY: 0.815916 #WORKERS: 10 SCHED TIME: 0.0009 TRAIN TIME: 109.5059 TOTAL TRAIN: 109.5067 FIT TIME: 191.960675 EVAL TIME: 104.7898 TOTAL: 7216.0411
##  41   51   38   0.11722488038277512
EPOCH: 41 AVG_ACCURACY: 0.83627 #WORKERS: 10 SCHED TIME: 0.0008 TRAIN TIME: 79.3088 TOTAL TRAIN: 79.3096 FIT TIME: 185.835385 EVAL TIME: 103.5697 TOTAL: 7401.8765
##  42   51   38   0.09090909090909094
EPOCH: 42 AVG_ACCURACY: 0.840982 #WORKERS: 10 SCHED TIME: 0.0009 TRAIN TIME: 90.7232 TOTAL TRAIN: 90.7241 FIT TIME: 177.370224 EVAL TIME: 104.7496 TOTAL: 7579.2467
##  43   51   38   0.0574162679425837
EPOCH: 43 AVG_ACCURACY: 0.809838 #WORKERS: 10 SCHED TIME: 0.0008 TRAIN TIME: 174.8513 TOTAL TRAIN: 174.8521 FIT TIME: 262.697346 EVAL TIME: 103.3897 TOTAL: 7841.9441
##  44   51   38   0.1411483253588517
EPOCH: 44 AVG_ACCURACY: 0.837637 #WORKERS: 10 SCHED TIME: 0.0008 TRAIN TIME: 97.2134 TOTAL TRAIN: 97.2142 FIT TIME: 209.423974 EVAL TIME: 104.5607 TOTAL: 8051.368
##  45   51   38   0.1435406698564593
EPOCH: 45 AVG_ACCURACY: 0.830663 #WORKERS: 10 SCHED TIME: 0.0009 TRAIN TIME: 109.8568 TOTAL TRAIN: 109.8577 FIT TIME: 188.23097 EVAL TIME: 104.7428 TOTAL: 8239.599
##  46   51   38   0.10765550239234445
EPOCH: 46 AVG_ACCURACY: 0.800226 #WORKERS: 10 SCHED TIME: 0.0009 TRAIN TIME: 115.6433 TOTAL TRAIN: 115.6442 FIT TIME: 203.489359 EVAL TIME: 103.5252 TOTAL: 8443.0884
##  47   51   38   0.15311004784688997
EPOCH: 47 AVG_ACCURACY: 0.826706 #WORKERS: 10 SCHED TIME: 0.0008 TRAIN TIME: 114.3497 TOTAL TRAIN: 114.3505 FIT TIME: 186.695722 EVAL TIME: 104.4166 TOTAL: 8629.7841
##  48   51   38   0.03588516746411485
EPOCH: 48 AVG_ACCURACY: 0.816246 #WORKERS: 10 SCHED TIME: 0.0009 TRAIN TIME: 91.0668 TOTAL TRAIN: 91.0676 FIT TIME: 169.440907 EVAL TIME: 103.2909 TOTAL: 8799.225
##  49   51   38   0.13157894736842102
EPOCH: 49 AVG_ACCURACY: 0.85017 #WORKERS: 10 SCHED TIME: 0.0008 TRAIN TIME: 104.1341 TOTAL TRAIN: 104.1349 FIT TIME: 176.480139 EVAL TIME: 103.4654 TOTAL: 8975.7051
##  50   51   38   0.1267942583732058
EPOCH: 50 AVG_ACCURACY: 0.849746 #WORKERS: 10 SCHED TIME: 0.0009 TRAIN TIME: 164.9461 TOTAL TRAIN: 164.947 FIT TIME: 252.792161 EVAL TIME: 103.6822 TOTAL: 9228.4973
##  51   51   38   0.0861244019138756
EPOCH: 51 AVG_ACCURACY: 0.849133 #WORKERS: 10 SCHED TIME: 0.0009 TRAIN TIME: 105.4175 TOTAL TRAIN: 105.4184 FIT TIME: 167.419022 EVAL TIME: 104.5781 TOTAL: 9395.9163
##  52   51   38   0.10765550239234445
EPOCH: 52 AVG_ACCURACY: 0.855164 #WORKERS: 10 SCHED TIME: 0.0008 TRAIN TIME: 105.863 TOTAL TRAIN: 105.8639 FIT TIME: 218.073646 EVAL TIME: 103.3609 TOTAL: 9613.99
##  53   51   38   0.062200956937799035
EPOCH: 53 AVG_ACCURACY: 0.85229 #WORKERS: 10 SCHED TIME: 0.0008 TRAIN TIME: 110.0257 TOTAL TRAIN: 110.0265 FIT TIME: 196.672659 EVAL TIME: 104.726 TOTAL: 9810.6626
##  54   51   38   0.12200956937799046
EPOCH: 54 AVG_ACCURACY: 0.855824 #WORKERS: 10 SCHED TIME: 0.0008 TRAIN TIME: 97.9631 TOTAL TRAIN: 97.964 FIT TIME: 180.417938 EVAL TIME: 103.4094 TOTAL: 9991.0806
##  55   51   38   0.1267942583732058
EPOCH: 55 AVG_ACCURACY: 0.830098 #WORKERS: 10 SCHED TIME: 0.0009 TRAIN TIME: 109.9032 TOTAL TRAIN: 109.904 FIT TIME: 216.429729 EVAL TIME: 103.6467 TOTAL: 10207.5103
##  56   51   38   0.1004784688995215
EPOCH: 56 AVG_ACCURACY: 0.864116 #WORKERS: 10 SCHED TIME: 0.0008 TRAIN TIME: 97.6515 TOTAL TRAIN: 97.6523 FIT TIME: 204.178022 EVAL TIME: 104.5057 TOTAL: 10411.6883
##  57   51   38   0.12440191387559807
EPOCH: 57 AVG_ACCURACY: 0.848709 #WORKERS: 10 SCHED TIME: 0.0008 TRAIN TIME: 105.2109 TOTAL TRAIN: 105.2118 FIT TIME: 217.421552 EVAL TIME: 104.2716 TOTAL: 10629.1099
##  58   51   38   0.0574162679425837
EPOCH: 58 AVG_ACCURACY: 0.857378 #WORKERS: 10 SCHED TIME: 0.0009 TRAIN TIME: 91.1735 TOTAL TRAIN: 91.1744 FIT TIME: 197.700092 EVAL TIME: 104.5188 TOTAL: 10826.81
##  59   51   38   0.13636363636363635
EPOCH: 59 AVG_ACCURACY: 0.866095 #WORKERS: 10 SCHED TIME: 0.0008 TRAIN TIME: 97.798 TOTAL TRAIN: 97.7988 FIT TIME: 153.016704 EVAL TIME: 104.7221 TOTAL: 10979.8267
##  60   51   38   0.1291866028708134
EPOCH: 60 AVG_ACCURACY: 0.853044 #WORKERS: 10 SCHED TIME: 0.0008 TRAIN TIME: 109.7131 TOTAL TRAIN: 109.714 FIT TIME: 192.167929 EVAL TIME: 103.5474 TOTAL: 11171.9946
##  61   51   38   0.08851674641148322
EPOCH: 61 AVG_ACCURACY: 0.875989 #WORKERS: 10 SCHED TIME: 0.0008 TRAIN TIME: 104.8527 TOTAL TRAIN: 104.8536 FIT TIME: 191.499697 EVAL TIME: 104.5206 TOTAL: 11363.4943
##  62   51   38   0.09808612440191389
EPOCH: 62 AVG_ACCURACY: 0.8603 #WORKERS: 10 SCHED TIME: 0.0008 TRAIN TIME: 97.2369 TOTAL TRAIN: 97.2377 FIT TIME: 175.611008 EVAL TIME: 104.4654 TOTAL: 11539.1053
##  63   51   38   0.13636363636363635
EPOCH: 63 AVG_ACCURACY: 0.855164 #WORKERS: 10 SCHED TIME: 0.0008 TRAIN TIME: 105.0218 TOTAL TRAIN: 105.0226 FIT TIME: 191.668811 EVAL TIME: 104.7367 TOTAL: 11730.7741
##  64   51   38   0.0861244019138756
EPOCH: 64 AVG_ACCURACY: 0.868404 #WORKERS: 10 SCHED TIME: 0.0009 TRAIN TIME: 104.7282 TOTAL TRAIN: 104.7291 FIT TIME: 191.375207 EVAL TIME: 103.5138 TOTAL: 11922.1493
##  65   51   38   0.11244019138755978
EPOCH: 65 AVG_ACCURACY: 0.868357 #WORKERS: 10 SCHED TIME: 0.0009 TRAIN TIME: 105.0649 TOTAL TRAIN: 105.0658 FIT TIME: 192.910935 EVAL TIME: 104.6307 TOTAL: 12115.0602
##  66   51   38   0.10287081339712922
EPOCH: 66 AVG_ACCURACY: 0.861855 #WORKERS: 10 SCHED TIME: 0.0008 TRAIN TIME: 109.5896 TOTAL TRAIN: 109.5904 FIT TIME: 171.591062 EVAL TIME: 104.4292 TOTAL: 12286.6513
##  67   51   38   0.15071770334928225
EPOCH: 67 AVG_ACCURACY: 0.871985 #WORKERS: 10 SCHED TIME: 0.0008 TRAIN TIME: 104.7728 TOTAL TRAIN: 104.7736 FIT TIME: 211.299339 EVAL TIME: 104.5824 TOTAL: 12497.9507
##  68   51   38   0.08373205741626799
EPOCH: 68 AVG_ACCURACY: 0.879759 #WORKERS: 10 SCHED TIME: 0.0008 TRAIN TIME: 104.9309 TOTAL TRAIN: 104.9317 FIT TIME: 183.305022 EVAL TIME: 104.5129 TOTAL: 12681.2557
##  69   51   38   0.04066985645933019
EPOCH: 69 AVG_ACCURACY: 0.855965 #WORKERS: 10 SCHED TIME: 0.0009 TRAIN TIME: 120.7245 TOTAL TRAIN: 120.7254 FIT TIME: 208.570558 EVAL TIME: 104.4657 TOTAL: 12889.8262
##  70   51   38   0.0861244019138756
EPOCH: 70 AVG_ACCURACY: 0.87778 #WORKERS: 10 SCHED TIME: 0.0008 TRAIN TIME: 97.8506 TOTAL TRAIN: 97.8514 FIT TIME: 180.305356 EVAL TIME: 104.5363 TOTAL: 13070.1316
##  71   51   38   0.1291866028708134
EPOCH: 71 AVG_ACCURACY: 0.87778 #WORKERS: 10 SCHED TIME: 0.0008 TRAIN TIME: 110.0579 TOTAL TRAIN: 110.0587 FIT TIME: 178.805741 EVAL TIME: 104.5757 TOTAL: 13248.9373
##  72   51   38   0.05023923444976075
EPOCH: 72 AVG_ACCURACY: 0.867179 #WORKERS: 10 SCHED TIME: 0.0008 TRAIN TIME: 110.0071 TOTAL TRAIN: 110.0079 FIT TIME: 196.654039 EVAL TIME: 103.5543 TOTAL: 13445.5914
##  73   51   38   0.12200956937799046
EPOCH: 73 AVG_ACCURACY: 0.871419 #WORKERS: 10 SCHED TIME: 0.0008 TRAIN TIME: 90.8259 TOTAL TRAIN: 90.8267 FIT TIME: 168.202827 EVAL TIME: 104.5159 TOTAL: 13613.7942
##  74   51   38   0.0574162679425837
EPOCH: 74 AVG_ACCURACY: 0.881219 #WORKERS: 10 SCHED TIME: 0.0008 TRAIN TIME: 97.3603 TOTAL TRAIN: 97.3611 FIT TIME: 187.601929 EVAL TIME: 103.6185 TOTAL: 13801.3961
##  75   51   38   0.09808612440191389
EPOCH: 75 AVG_ACCURACY: 0.884989 #WORKERS: 10 SCHED TIME: 0.0009 TRAIN TIME: 97.9481 TOTAL TRAIN: 97.9491 FIT TIME: 166.69596 EVAL TIME: 104.5774 TOTAL: 13968.0921
##  76   51   38   0.1004784688995215
EPOCH: 76 AVG_ACCURACY: 0.874152 #WORKERS: 10 SCHED TIME: 0.0008 TRAIN TIME: 91.0497 TOTAL TRAIN: 91.0505 FIT TIME: 173.504454 EVAL TIME: 103.4176 TOTAL: 14141.5965
##  77   51   38   0.11483253588516751
EPOCH: 77 AVG_ACCURACY: 0.886214 #WORKERS: 10 SCHED TIME: 0.0009 TRAIN TIME: 97.4322 TOTAL TRAIN: 97.4331 FIT TIME: 186.202049 EVAL TIME: 104.2701 TOTAL: 14327.7986
##  78   51   38   0.1291866028708134
EPOCH: 78 AVG_ACCURACY: 0.879193 #WORKERS: 10 SCHED TIME: 0.0008 TRAIN TIME: 109.8343 TOTAL TRAIN: 109.8351 FIT TIME: 192.289075 EVAL TIME: 104.4638 TOTAL: 14520.0877
##  79   51   38   0.10765550239234445
EPOCH: 79 AVG_ACCURACY: 0.883481 #WORKERS: 10 SCHED TIME: 0.0008 TRAIN TIME: 85.2313 TOTAL TRAIN: 85.2321 FIT TIME: 174.001106 EVAL TIME: 104.6116 TOTAL: 14694.0888
##  80   51   38   0.03349282296650713
EPOCH: 80 AVG_ACCURACY: 0.883811 #WORKERS: 10 SCHED TIME: 0.0008 TRAIN TIME: 97.0061 TOTAL TRAIN: 97.0069 FIT TIME: 160.029464 EVAL TIME: 103.5005 TOTAL: 14854.1182
##  81   51   38   0.09090909090909094
EPOCH: 81 AVG_ACCURACY: 0.887109 #WORKERS: 10 SCHED TIME: 0.0008 TRAIN TIME: 85.1901 TOTAL TRAIN: 85.1909 FIT TIME: 167.644863 EVAL TIME: 104.6431 TOTAL: 15021.7631
##  82   51   38   0.07416267942583732
EPOCH: 82 AVG_ACCURACY: 0.889135 #WORKERS: 10 SCHED TIME: 0.0009 TRAIN TIME: 97.4909 TOTAL TRAIN: 97.4917 FIT TIME: 166.238675 EVAL TIME: 103.3439 TOTAL: 15188.0018
##  83   51   38   0.0861244019138756
EPOCH: 83 AVG_ACCURACY: 0.892574 #WORKERS: 10 SCHED TIME: 0.0008 TRAIN TIME: 104.5186 TOTAL TRAIN: 104.5194 FIT TIME: 181.895496 EVAL TIME: 104.6478 TOTAL: 15369.8973
##  84   51   38   0.11244019138755978
EPOCH: 84 AVG_ACCURACY: 0.888899 #WORKERS: 10 SCHED TIME: 0.0012 TRAIN TIME: 175.2737 TOTAL TRAIN: 175.275 FIT TIME: 244.021559 EVAL TIME: 103.4205 TOTAL: 15613.9188
##  85   51   38   0.14832535885167464
EPOCH: 85 AVG_ACCURACY: 0.877591 #WORKERS: 10 SCHED TIME: 0.0009 TRAIN TIME: 114.3378 TOTAL TRAIN: 114.3387 FIT TIME: 183.085615 EVAL TIME: 104.6253 TOTAL: 15797.0044
##  86   51   38   0.07416267942583732
EPOCH: 86 AVG_ACCURACY: 0.894459 #WORKERS: 10 SCHED TIME: 0.0009 TRAIN TIME: 91.0992 TOTAL TRAIN: 91.1001 FIT TIME: 179.869082 EVAL TIME: 103.4891 TOTAL: 15976.8735
##  87   51   38   0.09090909090909094
EPOCH: 87 AVG_ACCURACY: 0.893375 #WORKERS: 10 SCHED TIME: 0.0009 TRAIN TIME: 104.4026 TOTAL TRAIN: 104.4035 FIT TIME: 193.172409 EVAL TIME: 103.6436 TOTAL: 16170.0459
##  88   51   38   0.07655502392344493
EPOCH: 88 AVG_ACCURACY: 0.888617 #WORKERS: 10 SCHED TIME: 0.0008 TRAIN TIME: 97.4458 TOTAL TRAIN: 97.4466 FIT TIME: 203.972349 EVAL TIME: 103.5227 TOTAL: 16374.0183
##  89   51   38   0.0861244019138756
EPOCH: 89 AVG_ACCURACY: 0.883999 #WORKERS: 10 SCHED TIME: 0.0009 TRAIN TIME: 114.5373 TOTAL TRAIN: 114.5381 FIT TIME: 201.184273 EVAL TIME: 104.4376 TOTAL: 16575.2026
##  90   51   38   0.02392344497607657
EPOCH: 90 AVG_ACCURACY: 0.884659 #WORKERS: 10 SCHED TIME: 0.0009 TRAIN TIME: 97.5247 TOTAL TRAIN: 97.5255 FIT TIME: 187.76631 EVAL TIME: 103.514 TOTAL: 16762.9689
##  91   51   38   0.05023923444976075
EPOCH: 91 AVG_ACCURACY: 0.892527 #WORKERS: 10 SCHED TIME: 0.0009 TRAIN TIME: 97.367 TOTAL TRAIN: 97.3678 FIT TIME: 203.893527 EVAL TIME: 104.5005 TOTAL: 16966.8624
##  92   51   38   0.04784688995215314
EPOCH: 92 AVG_ACCURACY: 0.890596 #WORKERS: 10 SCHED TIME: 0.0008 TRAIN TIME: 138.0835 TOTAL TRAIN: 138.0844 FIT TIME: 206.831341 EVAL TIME: 103.4476 TOTAL: 17173.6937
##  93   51   38   0.07416267942583732
EPOCH: 93 AVG_ACCURACY: 0.900961 #WORKERS: 10 SCHED TIME: 0.0009 TRAIN TIME: 90.7391 TOTAL TRAIN: 90.74 FIT TIME: 159.486911 EVAL TIME: 104.9528 TOTAL: 17333.1806
##  94   51   38   0.08133971291866027
EPOCH: 94 AVG_ACCURACY: 0.895684 #WORKERS: 10 SCHED TIME: 0.0008 TRAIN TIME: 115.0561 TOTAL TRAIN: 115.057 FIT TIME: 203.825942 EVAL TIME: 103.9662 TOTAL: 17537.0066
##  95   51   38   0.11004784688995217
EPOCH: 95 AVG_ACCURACY: 0.878487 #WORKERS: 10 SCHED TIME: 0.0009 TRAIN TIME: 104.5295 TOTAL TRAIN: 104.5303 FIT TIME: 173.277295 EVAL TIME: 104.8235 TOTAL: 17710.2839
##  96   51   38   0.09808612440191389
EPOCH: 96 AVG_ACCURACY: 0.890596 #WORKERS: 10 SCHED TIME: 0.0008 TRAIN TIME: 85.8203 TOTAL TRAIN: 85.8211 FIT TIME: 168.275087 EVAL TIME: 103.4883 TOTAL: 17878.559
##  97   51   38   0.09808612440191389
EPOCH: 97 AVG_ACCURACY: 0.897569 #WORKERS: 10 SCHED TIME: 0.0008 TRAIN TIME: 104.4788 TOTAL TRAIN: 104.4797 FIT TIME: 182.852953 EVAL TIME: 104.5475 TOTAL: 18061.4119
##  98   51   38   0.09569377990430628
EPOCH: 98 AVG_ACCURACY: 0.899689 #WORKERS: 10 SCHED TIME: 0.0009 TRAIN TIME: 110.1615 TOTAL TRAIN: 110.1624 FIT TIME: 196.808518 EVAL TIME: 104.6094 TOTAL: 18258.2204
##  99   51   38   0.07655502392344493
EPOCH: 99 AVG_ACCURACY: 0.902092 #WORKERS: 10 SCHED TIME: 0.0009 TRAIN TIME: 104.8642 TOTAL TRAIN: 104.8651 FIT TIME: 183.238357 EVAL TIME: 104.5929 TOTAL: 18441.4588
##  100   51   38   0.045454545454545414
EPOCH: 100 AVG_ACCURACY: 0.893234 #WORKERS: 10 SCHED TIME: 0.0009 TRAIN TIME: 97.7045 TOTAL TRAIN: 97.7054 FIT TIME: 209.91516 EVAL TIME: 103.4941 TOTAL: 18651.374
##  101   51   38   0.0717703349282297
EPOCH: 101 AVG_ACCURACY: 0.903411 #WORKERS: 10 SCHED TIME: 0.0009 TRAIN TIME: 90.9223 TOTAL TRAIN: 90.9231 FIT TIME: 197.448835 EVAL TIME: 103.6046 TOTAL: 18848.8228
##  102   51   38   0.06459330143540665
EPOCH: 102 AVG_ACCURACY: 0.901385 #WORKERS: 10 SCHED TIME: 0.0008 TRAIN TIME: 109.7508 TOTAL TRAIN: 109.7516 FIT TIME: 196.397756 EVAL TIME: 104.474 TOTAL: 19045.2205
##  103   51   38   0.038277511961722466
EPOCH: 103 AVG_ACCURACY: 0.901432 #WORKERS: 10 SCHED TIME: 0.0009 TRAIN TIME: 104.8813 TOTAL TRAIN: 104.8822 FIT TIME: 195.122942 EVAL TIME: 103.5222 TOTAL: 19240.3435
##  104   51   38   0.09330143540669855
EPOCH: 104 AVG_ACCURACY: 0.895496 #WORKERS: 10 SCHED TIME: 0.0009 TRAIN TIME: 90.7108 TOTAL TRAIN: 90.7117 FIT TIME: 163.056852 EVAL TIME: 103.5395 TOTAL: 19403.4003
##  105   51   38   0.0861244019138756
EPOCH: 105 AVG_ACCURACY: 0.891962 #WORKERS: 10 SCHED TIME: 0.0009 TRAIN TIME: 104.5564 TOTAL TRAIN: 104.5572 FIT TIME: 191.203361 EVAL TIME: 103.7174 TOTAL: 19594.6037
##  106   51   38   0.06937799043062198
EPOCH: 106 AVG_ACCURACY: 0.894318 #WORKERS: 10 SCHED TIME: 0.0009 TRAIN TIME: 97.422 TOTAL TRAIN: 97.4228 FIT TIME: 184.068968 EVAL TIME: 103.6996 TOTAL: 19778.6727
##  107   51   38   0.0574162679425837
EPOCH: 107 AVG_ACCURACY: 0.89804 #WORKERS: 10 SCHED TIME: 0.0008 TRAIN TIME: 90.75 TOTAL TRAIN: 90.7508 FIT TIME: 179.519795 EVAL TIME: 103.9091 TOTAL: 19958.1925
##  108   51   38   0.062200956937799035
EPOCH: 108 AVG_ACCURACY: 0.894836 #WORKERS: 10 SCHED TIME: 0.0008 TRAIN TIME: 114.8494 TOTAL TRAIN: 114.8503 FIT TIME: 201.496429 EVAL TIME: 103.7849 TOTAL: 20159.6889
##  109   51   38   0.09569377990430628
EPOCH: 109 AVG_ACCURACY: 0.889371 #WORKERS: 10 SCHED TIME: 0.0009 TRAIN TIME: 97.1216 TOTAL TRAIN: 97.1224 FIT TIME: 187.363227 EVAL TIME: 103.8227 TOTAL: 20347.0521
##  110   51   38   0.1004784688995215
EPOCH: 110 AVG_ACCURACY: 0.897427 #WORKERS: 10 SCHED TIME: 0.0008 TRAIN TIME: 97.3428 TOTAL TRAIN: 97.3436 FIT TIME: 209.553433 EVAL TIME: 104.6121 TOTAL: 20556.6056
##  111   51   38   0.08851674641148322
EPOCH: 111 AVG_ACCURACY: 0.90506 #WORKERS: 10 SCHED TIME: 0.001 TRAIN TIME: 91.4826 TOTAL TRAIN: 91.4836 FIT TIME: 163.828694 EVAL TIME: 103.6319 TOTAL: 20720.4342
##  112   51   38   0.0861244019138756
EPOCH: 112 AVG_ACCURACY: 0.901951 #WORKERS: 10 SCHED TIME: 0.0009 TRAIN TIME: 110.1494 TOTAL TRAIN: 110.1502 FIT TIME: 178.897176 EVAL TIME: 104.5319 TOTAL: 20899.3314
##  113   51   38   0.07655502392344493
EPOCH: 113 AVG_ACCURACY: 0.908358 #WORKERS: 10 SCHED TIME: 0.0008 TRAIN TIME: 91.4999 TOTAL TRAIN: 91.5007 FIT TIME: 198.026462 EVAL TIME: 103.468 TOTAL: 21097.3579
##  114   51   38   0.08373205741626799
EPOCH: 114 AVG_ACCURACY: 0.905343 #WORKERS: 10 SCHED TIME: 0.0009 TRAIN TIME: 105.2149 TOTAL TRAIN: 105.2158 FIT TIME: 167.216406 EVAL TIME: 104.5 TOTAL: 21264.5743
##  115   51   38   0.10287081339712922
EPOCH: 115 AVG_ACCURACY: 0.899501 #WORKERS: 10 SCHED TIME: 0.0009 TRAIN TIME: 98.0497 TOTAL TRAIN: 98.0506 FIT TIME: 204.576311 EVAL TIME: 104.6395 TOTAL: 21469.1506
##  116   51   38   0.09090909090909094
EPOCH: 116 AVG_ACCURACY: 0.904542 #WORKERS: 10 SCHED TIME: 0.0009 TRAIN TIME: 105.2924 TOTAL TRAIN: 105.2932 FIT TIME: 168.315734 EVAL TIME: 104.6602 TOTAL: 21637.4663
##  117   51   38   0.09569377990430628
EPOCH: 117 AVG_ACCURACY: 0.905202 #WORKERS: 10 SCHED TIME: 0.0008 TRAIN TIME: 110.2107 TOTAL TRAIN: 110.2115 FIT TIME: 182.556724 EVAL TIME: 104.6706 TOTAL: 21820.0231
##  118   51   38   0.09569377990430628
EPOCH: 118 AVG_ACCURACY: 0.902233 #WORKERS: 10 SCHED TIME: 0.0009 TRAIN TIME: 97.6843 TOTAL TRAIN: 97.6851 FIT TIME: 187.925937 EVAL TIME: 103.4066 TOTAL: 22007.949
##  119   51   38   0.09808612440191389
EPOCH: 119 AVG_ACCURACY: 0.902233 #WORKERS: 10 SCHED TIME: 0.0008 TRAIN TIME: 91.052 TOTAL TRAIN: 91.0529 FIT TIME: 179.821841 EVAL TIME: 104.4804 TOTAL: 22187.7708
##  120   51   38   0.0861244019138756
EPOCH: 120 AVG_ACCURACY: 0.904495 #WORKERS: 10 SCHED TIME: 0.0009 TRAIN TIME: 105.4594 TOTAL TRAIN: 105.4603 FIT TIME: 192.106356 EVAL TIME: 103.5446 TOTAL: 22379.8772
##  121   51   38   0.1291866028708134
EPOCH: 121 AVG_ACCURACY: 0.90294 #WORKERS: 10 SCHED TIME: 0.0009 TRAIN TIME: 110.3201 TOTAL TRAIN: 110.321 FIT TIME: 165.538825 EVAL TIME: 104.7372 TOTAL: 22545.416
##  122   51   38   0.08851674641148322
EPOCH: 122 AVG_ACCURACY: 0.894553 #WORKERS: 10 SCHED TIME: 0.0009 TRAIN TIME: 96.9431 TOTAL TRAIN: 96.944 FIT TIME: 184.78918 EVAL TIME: 103.6137 TOTAL: 22730.2052
##  123   51   38   0.09569377990430628
EPOCH: 123 AVG_ACCURACY: 0.905861 #WORKERS: 10 SCHED TIME: 0.0008 TRAIN TIME: 97.353 TOTAL TRAIN: 97.3539 FIT TIME: 203.879593 EVAL TIME: 104.8809 TOTAL: 22934.0848
##  124   51   38   0.09330143540669855
EPOCH: 124 AVG_ACCURACY: 0.891868 #WORKERS: 10 SCHED TIME: 0.0009 TRAIN TIME: 105.4064 TOTAL TRAIN: 105.4073 FIT TIME: 187.861174 EVAL TIME: 105.0245 TOTAL: 23121.946
##  125   51   38   0.03588516746411485
EPOCH: 125 AVG_ACCURACY: 0.897239 #WORKERS: 10 SCHED TIME: 0.0009 TRAIN TIME: 98.0059 TOTAL TRAIN: 98.0068 FIT TIME: 184.652902 EVAL TIME: 103.9953 TOTAL: 23306.5989
##  126   51   38   0.0717703349282297
EPOCH: 126 AVG_ACCURACY: 0.909442 #WORKERS: 10 SCHED TIME: 0.0008 TRAIN TIME: 104.8571 TOTAL TRAIN: 104.8579 FIT TIME: 211.383697 EVAL TIME: 105.3556 TOTAL: 23517.9826
##  127   51   38   0.05980861244019142
EPOCH: 127 AVG_ACCURACY: 0.907416 #WORKERS: 10 SCHED TIME: 0.0009 TRAIN TIME: 98.1847 TOTAL TRAIN: 98.1855 FIT TIME: 210.395292 EVAL TIME: 104.1541 TOTAL: 23728.3779
##  128   51   38   0.10526315789473684
EPOCH: 128 AVG_ACCURACY: 0.899877 #WORKERS: 10 SCHED TIME: 0.0009 TRAIN TIME: 105.2859 TOTAL TRAIN: 105.2869 FIT TIME: 187.740737 EVAL TIME: 104.9223 TOTAL: 23916.1186
##  129   51   38   0.045454545454545414
EPOCH: 129 AVG_ACCURACY: 0.906474 #WORKERS: 10 SCHED TIME: 0.0009 TRAIN TIME: 110.3205 TOTAL TRAIN: 110.3214 FIT TIME: 196.967527 EVAL TIME: 103.9553 TOTAL: 24113.0861
##  130   51   38   0.052631578947368474
EPOCH: 130 AVG_ACCURACY: 0.904542 #WORKERS: 10 SCHED TIME: 0.0009 TRAIN TIME: 96.8272 TOTAL TRAIN: 96.8281 FIT TIME: 185.597042 EVAL TIME: 104.9893 TOTAL: 24298.6832
##  131   51   38   0.03349282296650713
EPOCH: 131 AVG_ACCURACY: 0.903835 #WORKERS: 10 SCHED TIME: 0.0008 TRAIN TIME: 105.2568 TOTAL TRAIN: 105.2576 FIT TIME: 183.630959 EVAL TIME: 104.3452 TOTAL: 24482.3141
##  132   51   38   0.04784688995215314
EPOCH: 132 AVG_ACCURACY: 0.908877 #WORKERS: 10 SCHED TIME: 0.0009 TRAIN TIME: 104.5943 TOTAL TRAIN: 104.5951 FIT TIME: 216.80488 EVAL TIME: 105.0594 TOTAL: 24699.119
##  133   51   38   0.05023923444976075
EPOCH: 133 AVG_ACCURACY: 0.903129 #WORKERS: 10 SCHED TIME: 0.001 TRAIN TIME: 105.2765 TOTAL TRAIN: 105.2775 FIT TIME: 168.299896 EVAL TIME: 105.0463 TOTAL: 24867.4189
##  134   51   38   0.0717703349282297
EPOCH: 134 AVG_ACCURACY: 0.912269 #WORKERS: 10 SCHED TIME: 0.0009 TRAIN TIME: 91.1977 TOTAL TRAIN: 91.1986 FIT TIME: 203.408309 EVAL TIME: 105.1094 TOTAL: 25070.8272
##  135   51   38   0.055023923444976086
EPOCH: 135 AVG_ACCURACY: 0.910432 #WORKERS: 10 SCHED TIME: 0.0008 TRAIN TIME: 85.2238 TOTAL TRAIN: 85.2246 FIT TIME: 167.678555 EVAL TIME: 105.0006 TOTAL: 25238.5058
##  136   51   38   0.06698564593301437
EPOCH: 136 AVG_ACCURACY: 0.909489 #WORKERS: 10 SCHED TIME: 0.0009 TRAIN TIME: 105.9867 TOTAL TRAIN: 105.9876 FIT TIME: 188.44155 EVAL TIME: 105.077 TOTAL: 25426.9473
##  137   51   38   0.07416267942583732
EPOCH: 137 AVG_ACCURACY: 0.90784 #WORKERS: 10 SCHED TIME: 0.0008 TRAIN TIME: 91.5794 TOTAL TRAIN: 91.5803 FIT TIME: 129.01605 EVAL TIME: 104.963 TOTAL: 25555.9634
##  138   51   38   0.0717703349282297
EPOCH: 138 AVG_ACCURACY: 0.908971 #WORKERS: 10 SCHED TIME: 0.0008 TRAIN TIME: 109.7959 TOTAL TRAIN: 109.7967 FIT TIME: 192.250711 EVAL TIME: 105.1268 TOTAL: 25748.2141
##  139   51   38   0.052631578947368474
EPOCH: 139 AVG_ACCURACY: 0.910903 #WORKERS: 10 SCHED TIME: 0.0008 TRAIN TIME: 105.0402 TOTAL TRAIN: 105.041 FIT TIME: 211.566767 EVAL TIME: 105.1214 TOTAL: 25959.7808
##  140   51   38   0.06459330143540665
EPOCH: 140 AVG_ACCURACY: 0.910903 #WORKERS: 10 SCHED TIME: 0.0009 TRAIN TIME: 105.04 TOTAL TRAIN: 105.0408 FIT TIME: 167.041451 EVAL TIME: 105.0492 TOTAL: 26126.8223
##  141   51   38   0.062200956937799035
EPOCH: 141 AVG_ACCURACY: 0.907086 #WORKERS: 10 SCHED TIME: 0.0008 TRAIN TIME: 90.9542 TOTAL TRAIN: 90.955 FIT TIME: 169.328306 EVAL TIME: 105.1093 TOTAL: 26296.1506
##  142   51   38   0.052631578947368474
EPOCH: 142 AVG_ACCURACY: 0.907746 #WORKERS: 10 SCHED TIME: 0.0008 TRAIN TIME: 110.457 TOTAL TRAIN: 110.4578 FIT TIME: 192.911829 EVAL TIME: 104.1722 TOTAL: 26489.0624
##  143   51   38   0.038277511961722466
EPOCH: 143 AVG_ACCURACY: 0.908358 #WORKERS: 10 SCHED TIME: 0.0009 TRAIN TIME: 97.0675 TOTAL TRAIN: 97.0684 FIT TIME: 175.441658 EVAL TIME: 103.9052 TOTAL: 26664.5041
##  144   51   38   0.055023923444976086
EPOCH: 144 AVG_ACCURACY: 0.905814 #WORKERS: 10 SCHED TIME: 0.0012 TRAIN TIME: 105.0678 TOTAL TRAIN: 105.069 FIT TIME: 142.504396 EVAL TIME: 103.9163 TOTAL: 26807.0085
##  145   51   38   0.04066985645933019
EPOCH: 145 AVG_ACCURACY: 0.9134 #WORKERS: 10 SCHED TIME: 0.0008 TRAIN TIME: 84.4706 TOTAL TRAIN: 84.4714 FIT TIME: 173.24046 EVAL TIME: 103.7814 TOTAL: 26980.2489
##  146   51   38   0.06937799043062198
EPOCH: 146 AVG_ACCURACY: 0.908688 #WORKERS: 10 SCHED TIME: 0.0012 TRAIN TIME: 114.852 TOTAL TRAIN: 114.8532 FIT TIME: 227.062607 EVAL TIME: 104.8485 TOTAL: 27207.3115
##  147   51   38   0.08851674641148322
EPOCH: 147 AVG_ACCURACY: 0.906851 #WORKERS: 10 SCHED TIME: 0.0008 TRAIN TIME: 110.1627 TOTAL TRAIN: 110.1635 FIT TIME: 178.910469 EVAL TIME: 104.171 TOTAL: 27386.222
##  148   51   38   0.09330143540669855
EPOCH: 148 AVG_ACCURACY: 0.906003 #WORKERS: 10 SCHED TIME: 0.0009 TRAIN TIME: 120.935 TOTAL TRAIN: 120.9359 FIT TIME: 158.722864 EVAL TIME: 105.3335 TOTAL: 27544.9449
##  149   51   38   0.07416267942583732
EPOCH: 149 AVG_ACCURACY: 0.910526 #WORKERS: 10 SCHED TIME: 0.0009 TRAIN TIME: 97.9406 TOTAL TRAIN: 97.9415 FIT TIME: 185.786667 EVAL TIME: 104.0315 TOTAL: 27730.7315
##  150   51   38   0.04784688995215314
EPOCH: 150 AVG_ACCURACY: 0.911892 #WORKERS: 10 SCHED TIME: 0.0009 TRAIN TIME: 90.8992 TOTAL TRAIN: 90.9 FIT TIME: 181.140813 EVAL TIME: 104.9479 TOTAL: 27911.8724
##  151   51   38   0.05023923444976075
EPOCH: 151 AVG_ACCURACY: 0.912363 #WORKERS: 10 SCHED TIME: 0.0008 TRAIN TIME: 105.4823 TOTAL TRAIN: 105.4832 FIT TIME: 217.692954 EVAL TIME: 104.2302 TOTAL: 28129.5653
##  152   51   38   0.06698564593301437
EPOCH: 152 AVG_ACCURACY: 0.905956 #WORKERS: 10 SCHED TIME: 0.0009 TRAIN TIME: 105.0859 TOTAL TRAIN: 105.0868 FIT TIME: 173.833683 EVAL TIME: 104.8612 TOTAL: 28303.399
##  153   51   38   0.055023923444976086
EPOCH: 153 AVG_ACCURACY: 0.912787 #WORKERS: 10 SCHED TIME: 0.0013 TRAIN TIME: 91.618 TOTAL TRAIN: 91.6193 FIT TIME: 198.144568 EVAL TIME: 104.5792 TOTAL: 28501.5436
##  154   51   38   0.0430622009569378
EPOCH: 154 AVG_ACCURACY: 0.912175 #WORKERS: 10 SCHED TIME: 0.0009 TRAIN TIME: 104.7202 TOTAL TRAIN: 104.7211 FIT TIME: 187.174964 EVAL TIME: 104.869 TOTAL: 28688.7185
##  155   51   38   0.03349282296650713
EPOCH: 155 AVG_ACCURACY: 0.907605 #WORKERS: 10 SCHED TIME: 0.0009 TRAIN TIME: 114.4456 TOTAL TRAIN: 114.4465 FIT TIME: 186.791685 EVAL TIME: 103.9763 TOTAL: 28875.5102
##  156   51   38   0.0430622009569378
EPOCH: 156 AVG_ACCURACY: 0.909725 #WORKERS: 10 SCHED TIME: 0.0009 TRAIN TIME: 105.0045 TOTAL TRAIN: 105.0054 FIT TIME: 168.027883 EVAL TIME: 104.8605 TOTAL: 29043.5381
##  157   51   38   0.052631578947368474
EPOCH: 157 AVG_ACCURACY: 0.905531 #WORKERS: 10 SCHED TIME: 0.0008 TRAIN TIME: 109.8019 TOTAL TRAIN: 109.8027 FIT TIME: 196.44889 EVAL TIME: 103.9951 TOTAL: 29239.987
##  158   51   38   0.06459330143540665
EPOCH: 158 AVG_ACCURACY: 0.908264 #WORKERS: 10 SCHED TIME: 0.0008 TRAIN TIME: 104.9197 TOTAL TRAIN: 104.9206 FIT TIME: 192.765769 EVAL TIME: 104.7021 TOTAL: 29432.7528
##  159   51   38   0.06937799043062198
EPOCH: 159 AVG_ACCURACY: 0.914295 #WORKERS: 10 SCHED TIME: 0.0009 TRAIN TIME: 91.339 TOTAL TRAIN: 91.3399 FIT TIME: 146.557741 EVAL TIME: 104.3511 TOTAL: 29579.3105
##  160   51   38   0.06459330143540665
EPOCH: 160 AVG_ACCURACY: 0.909301 #WORKERS: 10 SCHED TIME: 0.0009 TRAIN TIME: 90.6552 TOTAL TRAIN: 90.656 FIT TIME: 197.181722 EVAL TIME: 105.0599 TOTAL: 29776.4922
##  161   51   38   0.062200956937799035
EPOCH: 161 AVG_ACCURACY: 0.907416 #WORKERS: 10 SCHED TIME: 0.0009 TRAIN TIME: 91.6011 TOTAL TRAIN: 91.602 FIT TIME: 180.370938 EVAL TIME: 103.9259 TOTAL: 29956.8632
##  162   51   38   0.05980861244019142
EPOCH: 162 AVG_ACCURACY: 0.914766 #WORKERS: 10 SCHED TIME: 0.0009 TRAIN TIME: 91.4375 TOTAL TRAIN: 91.4383 FIT TIME: 203.648094 EVAL TIME: 105.1884 TOTAL: 30160.5113
##  163   51   38   0.06698564593301437
EPOCH: 163 AVG_ACCURACY: 0.915096 #WORKERS: 10 SCHED TIME: 0.0009 TRAIN TIME: 105.6197 TOTAL TRAIN: 105.6206 FIT TIME: 168.643094 EVAL TIME: 103.7664 TOTAL: 30329.1543
##  164   51   38   0.052631578947368474
EPOCH: 164 AVG_ACCURACY: 0.91618 #WORKERS: 10 SCHED TIME: 0.0009 TRAIN TIME: 90.9842 TOTAL TRAIN: 90.985 FIT TIME: 173.43899 EVAL TIME: 105.3161 TOTAL: 30502.5933
##  165   51   38   0.06937799043062198
EPOCH: 165 AVG_ACCURACY: 0.909207 #WORKERS: 10 SCHED TIME: 0.0009 TRAIN TIME: 104.89 TOTAL TRAIN: 104.8909 FIT TIME: 142.32668 EVAL TIME: 103.8429 TOTAL: 30644.92
##  166   51   38   0.062200956937799035
EPOCH: 166 AVG_ACCURACY: 0.912929 #WORKERS: 10 SCHED TIME: 0.0008 TRAIN TIME: 97.7326 TOTAL TRAIN: 97.7334 FIT TIME: 170.078618 EVAL TIME: 104.7566 TOTAL: 30814.9986
##  167   51   38   0.05980861244019142
EPOCH: 167 AVG_ACCURACY: 0.914908 #WORKERS: 10 SCHED TIME: 0.0008 TRAIN TIME: 97.7285 TOTAL TRAIN: 97.7293 FIT TIME: 185.57456 EVAL TIME: 103.7665 TOTAL: 31000.5732
##  168   51   38   0.05980861244019142
EPOCH: 168 AVG_ACCURACY: 0.913023 #WORKERS: 10 SCHED TIME: 0.0008 TRAIN TIME: 105.2769 TOTAL TRAIN: 105.2778 FIT TIME: 167.278428 EVAL TIME: 104.958 TOTAL: 31167.8516
##  169   51   38   0.055023923444976086
EPOCH: 169 AVG_ACCURACY: 0.910196 #WORKERS: 10 SCHED TIME: 0.0008 TRAIN TIME: 110.1546 TOTAL TRAIN: 110.1554 FIT TIME: 147.591222 EVAL TIME: 104.4263 TOTAL: 31315.4428
##  170   51   38   0.03588516746411485
EPOCH: 170 AVG_ACCURACY: 0.913918 #WORKERS: 10 SCHED TIME: 0.0009 TRAIN TIME: 109.2621 TOTAL TRAIN: 109.2629 FIT TIME: 195.909077 EVAL TIME: 105.5458 TOTAL: 31511.3519
##  171   51   38   0.045454545454545414
EPOCH: 171 AVG_ACCURACY: 0.915803 #WORKERS: 10 SCHED TIME: 0.0008 TRAIN TIME: 91.0248 TOTAL TRAIN: 91.0257 FIT TIME: 154.048207 EVAL TIME: 104.2537 TOTAL: 31665.4001
##  172   51   38   0.052631578947368474
EPOCH: 172 AVG_ACCURACY: 0.912505 #WORKERS: 10 SCHED TIME: 0.0008 TRAIN TIME: 97.1531 TOTAL TRAIN: 97.1539 FIT TIME: 209.36372 EVAL TIME: 105.3635 TOTAL: 31874.7638
##  173   51   38   0.038277511961722466
EPOCH: 173 AVG_ACCURACY: 0.907982 #WORKERS: 10 SCHED TIME: 0.0009 TRAIN TIME: 110.4043 TOTAL TRAIN: 110.4052 FIT TIME: 197.051277 EVAL TIME: 104.7224 TOTAL: 32071.8151
##  174   51   38   0.0717703349282297
EPOCH: 174 AVG_ACCURACY: 0.907039 #WORKERS: 10 SCHED TIME: 0.0009 TRAIN TIME: 105.2466 TOTAL TRAIN: 105.2474 FIT TIME: 177.592607 EVAL TIME: 105.1642 TOTAL: 32249.4077
##  175   51   38   0.08373205741626799
EPOCH: 175 AVG_ACCURACY: 0.907086 #WORKERS: 10 SCHED TIME: 0.0008 TRAIN TIME: 105.8613 TOTAL TRAIN: 105.8621 FIT TIME: 161.080003 EVAL TIME: 105.3891 TOTAL: 32410.4877
##  176   51   38   0.08133971291866027
EPOCH: 176 AVG_ACCURACY: 0.914389 #WORKERS: 10 SCHED TIME: 0.0009 TRAIN TIME: 97.4612 TOTAL TRAIN: 97.4621 FIT TIME: 160.484582 EVAL TIME: 105.5823 TOTAL: 32570.9723
##  177   51   38   0.04784688995215314
EPOCH: 177 AVG_ACCURACY: 0.918536 #WORKERS: 10 SCHED TIME: 0.0009 TRAIN TIME: 109.9566 TOTAL TRAIN: 109.9575 FIT TIME: 216.48318 EVAL TIME: 106.2397 TOTAL: 32787.4555
##  178   51   38   0.055023923444976086
EPOCH: 178 AVG_ACCURACY: 0.917782 #WORKERS: 10 SCHED TIME: 0.0008 TRAIN TIME: 86.1065 TOTAL TRAIN: 86.1074 FIT TIME: 163.48343 EVAL TIME: 106.797 TOTAL: 32950.9389
##  179   51   38   0.031100478468899517
EPOCH: 179 AVG_ACCURACY: 0.915803 #WORKERS: 10 SCHED TIME: 0.0009 TRAIN TIME: 105.3239 TOTAL TRAIN: 105.3248 FIT TIME: 191.970927 EVAL TIME: 107.1746 TOTAL: 33142.9099
##  180   51   38   0.05980861244019142
EPOCH: 180 AVG_ACCURACY: 0.911657 #WORKERS: 10 SCHED TIME: 0.0009 TRAIN TIME: 110.8483 TOTAL TRAIN: 110.8492 FIT TIME: 166.067019 EVAL TIME: 107.1112 TOTAL: 33308.9769
##  181   51   38   0.04784688995215314
EPOCH: 181 AVG_ACCURACY: 0.91618 #WORKERS: 10 SCHED TIME: 0.0008 TRAIN TIME: 91.3531 TOTAL TRAIN: 91.354 FIT TIME: 173.807914 EVAL TIME: 106.1741 TOTAL: 33482.7848
##  182   51   38   0.06459330143540665
EPOCH: 182 AVG_ACCURACY: 0.915614 #WORKERS: 10 SCHED TIME: 0.0009 TRAIN TIME: 105.3323 TOTAL TRAIN: 105.3332 FIT TIME: 144.750132 EVAL TIME: 110.3013 TOTAL: 33627.5349
